system   D            wsystem.c:583  maybe_parent_dir                 [   0.00047] Also searching C:\Users\Adam\Documents\Visual Studio 2012\Projects\Parrot_1.0\
system   D            wsystem.c:633  _al_win_safe_load_library        [   0.00081] PathFindOnPath found: C:\Windows\system32\d3d9.dll
system   D            wsystem.c:544  load_library_at_path             [   0.00084] Calling LoadLibrary C:\Windows\system32\d3d9.dll
system   I            wsystem.c:547  load_library_at_path             [   0.00616] Loaded C:\Windows\system32\d3d9.dll
d3d      I         d3d_disp.cpp:696  _al_d3d_init_display             [   0.01229] Render-to-texture: 1
system   I             system.c:252  al_install_system                [   0.01234] Allegro version: 5.0.10
d3d      I         d3d_disp.cpp:1737 d3d_create_display_locked        [   0.01313] faux_fullscreen=0
d3d      D         d3d_disp.cpp:1738 d3d_create_display_locked        [   0.01315] al_display=0042C2C8
d3d      D         d3d_disp.cpp:1739 d3d_create_display_locked        [   0.01316] al_display->vt=0042C200
d3d      I d3d_display_formats.cpp:144  _al_d3d_generate_display_format_list [   0.01382] found 64 format combinations
display  D   display_settings.c:191  debug_display_settings           [   0.01384] color: 32 (rgba 8880), depth: 0, stencil: 0, acc: 0000, samples: 0/0
display  D   display_settings.c:506  _al_score_display_settings       [   0.01386] Score is : 897
display  D   display_settings.c:191  debug_display_settings           [   0.01387] color: 32 (rgba 8880), depth: 0, stencil: 0, acc: 0000, samples: 0/0
display  D   display_settings.c:506  _al_score_display_settings       [   0.01389] Score is : 897
display  D   display_settings.c:191  debug_display_settings           [   0.01390] color: 32 (rgba 8880), depth: 24, stencil: 8, acc: 0000, samples: 0/0
display  D   display_settings.c:506  _al_score_display_settings       [   0.01392] Score is : 897
display  D   display_settings.c:191  debug_display_settings           [   0.01393] color: 32 (rgba 8880), depth: 24, stencil: 8, acc: 0000, samples: 0/0
display  D   display_settings.c:506  _al_score_display_settings       [   0.01394] Score is : 897
display  D   display_settings.c:191  debug_display_settings           [   0.01396] color: 32 (rgba 8880), depth: 24, stencil: 0, acc: 0000, samples: 0/0
display  D   display_settings.c:506  _al_score_display_settings       [   0.01397] Score is : 897
display  D   display_settings.c:191  debug_display_settings           [   0.01398] color: 32 (rgba 8880), depth: 24, stencil: 0, acc: 0000, samples: 0/0
display  D   display_settings.c:506  _al_score_display_settings       [   0.01400] Score is : 897
display  D   display_settings.c:191  debug_display_settings           [   0.01401] color: 32 (rgba 8880), depth: 16, stencil: 0, acc: 0000, samples: 0/0
display  D   display_settings.c:506  _al_score_display_settings       [   0.01403] Score is : 897
display  D   display_settings.c:191  debug_display_settings           [   0.01404] color: 32 (rgba 8880), depth: 16, stencil: 0, acc: 0000, samples: 0/0
display  D   display_settings.c:506  _al_score_display_settings       [   0.01405] Score is : 897
display  D   display_settings.c:191  debug_display_settings           [   0.01407] color: 16 (rgba 5650), depth: 0, stencil: 0, acc: 0000, samples: 0/0
display  D   display_settings.c:506  _al_score_display_settings       [   0.01408] Score is : 897
display  D   display_settings.c:191  debug_display_settings           [   0.01409] color: 16 (rgba 5650), depth: 0, stencil: 0, acc: 0000, samples: 0/0
display  D   display_settings.c:506  _al_score_display_settings       [   0.01411] Score is : 897
display  D   display_settings.c:191  debug_display_settings           [   0.01412] color: 16 (rgba 5650), depth: 24, stencil: 8, acc: 0000, samples: 0/0
display  D   display_settings.c:506  _al_score_display_settings       [   0.01414] Score is : 897
display  D   display_settings.c:191  debug_display_settings           [   0.01415] color: 16 (rgba 5650), depth: 24, stencil: 8, acc: 0000, samples: 0/0
display  D   display_settings.c:506  _al_score_display_settings       [   0.01421] Score is : 897
display  D   display_settings.c:191  debug_display_settings           [   0.01423] color: 16 (rgba 5650), depth: 24, stencil: 0, acc: 0000, samples: 0/0
display  D   display_settings.c:506  _al_score_display_settings       [   0.01424] Score is : 897
display  D   display_settings.c:191  debug_display_settings           [   0.01425] color: 16 (rgba 5650), depth: 24, stencil: 0, acc: 0000, samples: 0/0
display  D   display_settings.c:506  _al_score_display_settings       [   0.01427] Score is : 897
display  D   display_settings.c:191  debug_display_settings           [   0.01428] color: 16 (rgba 5650), depth: 16, stencil: 0, acc: 0000, samples: 0/0
display  D   display_settings.c:506  _al_score_display_settings       [   0.01430] Score is : 897
display  D   display_settings.c:191  debug_display_settings           [   0.01431] color: 16 (rgba 5650), depth: 16, stencil: 0, acc: 0000, samples: 0/0
display  D   display_settings.c:506  _al_score_display_settings       [   0.01433] Score is : 897
display  D   display_settings.c:191  debug_display_settings           [   0.01434] color: 32 (rgba 8880), depth: 0, stencil: 0, acc: 0000, samples: 0/0
display  D   display_settings.c:377  _al_score_display_settings       [   0.01435] Single Buffer requirement not met.
display  D   display_settings.c:191  debug_display_settings           [   0.01437] color: 32 (rgba 8880), depth: 0, stencil: 0, acc: 0000, samples: 0/0
display  D   display_settings.c:377  _al_score_display_settings       [   0.01438] Single Buffer requirement not met.
display  D   display_settings.c:191  debug_display_settings           [   0.01439] color: 32 (rgba 8880), depth: 24, stencil: 8, acc: 0000, samples: 0/0
display  D   display_settings.c:377  _al_score_display_settings       [   0.01441] Single Buffer requirement not met.
display  D   display_settings.c:191  debug_display_settings           [   0.01442] color: 32 (rgba 8880), depth: 24, stencil: 8, acc: 0000, samples: 0/0
display  D   display_settings.c:377  _al_score_display_settings       [   0.01444] Single Buffer requirement not met.
display  D   display_settings.c:191  debug_display_settings           [   0.01445] color: 32 (rgba 8880), depth: 24, stencil: 0, acc: 0000, samples: 0/0
display  D   display_settings.c:377  _al_score_display_settings       [   0.01447] Single Buffer requirement not met.
display  D   display_settings.c:191  debug_display_settings           [   0.01448] color: 32 (rgba 8880), depth: 24, stencil: 0, acc: 0000, samples: 0/0
display  D   display_settings.c:377  _al_score_display_settings       [   0.01449] Single Buffer requirement not met.
display  D   display_settings.c:191  debug_display_settings           [   0.01451] color: 32 (rgba 8880), depth: 16, stencil: 0, acc: 0000, samples: 0/0
display  D   display_settings.c:377  _al_score_display_settings       [   0.01452] Single Buffer requirement not met.
display  D   display_settings.c:191  debug_display_settings           [   0.01453] color: 32 (rgba 8880), depth: 16, stencil: 0, acc: 0000, samples: 0/0
display  D   display_settings.c:377  _al_score_display_settings       [   0.01455] Single Buffer requirement not met.
display  D   display_settings.c:191  debug_display_settings           [   0.01456] color: 16 (rgba 5650), depth: 0, stencil: 0, acc: 0000, samples: 0/0
display  D   display_settings.c:377  _al_score_display_settings       [   0.01458] Single Buffer requirement not met.
display  D   display_settings.c:191  debug_display_settings           [   0.01459] color: 16 (rgba 5650), depth: 0, stencil: 0, acc: 0000, samples: 0/0
display  D   display_settings.c:377  _al_score_display_settings       [   0.01461] Single Buffer requirement not met.
display  D   display_settings.c:191  debug_display_settings           [   0.01462] color: 16 (rgba 5650), depth: 24, stencil: 8, acc: 0000, samples: 0/0
display  D   display_settings.c:377  _al_score_display_settings       [   0.01463] Single Buffer requirement not met.
display  D   display_settings.c:191  debug_display_settings           [   0.01465] color: 16 (rgba 5650), depth: 24, stencil: 8, acc: 0000, samples: 0/0
display  D   display_settings.c:377  _al_score_display_settings       [   0.01467] Single Buffer requirement not met.
display  D   display_settings.c:191  debug_display_settings           [   0.01468] color: 16 (rgba 5650), depth: 24, stencil: 0, acc: 0000, samples: 0/0
display  D   display_settings.c:377  _al_score_display_settings       [   0.01469] Single Buffer requirement not met.
display  D   display_settings.c:191  debug_display_settings           [   0.01471] color: 16 (rgba 5650), depth: 24, stencil: 0, acc: 0000, samples: 0/0
display  D   display_settings.c:377  _al_score_display_settings       [   0.01472] Single Buffer requirement not met.
display  D   display_settings.c:191  debug_display_settings           [   0.01473] color: 16 (rgba 5650), depth: 16, stencil: 0, acc: 0000, samples: 0/0
display  D   display_settings.c:377  _al_score_display_settings       [   0.01475] Single Buffer requirement not met.
display  D   display_settings.c:191  debug_display_settings           [   0.01476] color: 16 (rgba 5650), depth: 16, stencil: 0, acc: 0000, samples: 0/0
display  D   display_settings.c:377  _al_score_display_settings       [   0.01478] Single Buffer requirement not met.
display  D   display_settings.c:191  debug_display_settings           [   0.01479] color: 32 (rgba 8880), depth: 0, stencil: 0, acc: 0000, samples: 0/0
display  D   display_settings.c:506  _al_score_display_settings       [   0.01480] Score is : 769
display  D   display_settings.c:191  debug_display_settings           [   0.01482] color: 32 (rgba 8880), depth: 0, stencil: 0, acc: 0000, samples: 0/0
display  D   display_settings.c:506  _al_score_display_settings       [   0.01483] Score is : 769
display  D   display_settings.c:191  debug_display_settings           [   0.01484] color: 32 (rgba 8880), depth: 24, stencil: 8, acc: 0000, samples: 0/0
display  D   display_settings.c:506  _al_score_display_settings       [   0.01486] Score is : 769
display  D   display_settings.c:191  debug_display_settings           [   0.01487] color: 32 (rgba 8880), depth: 24, stencil: 8, acc: 0000, samples: 0/0
display  D   display_settings.c:506  _al_score_display_settings       [   0.01489] Score is : 769
display  D   display_settings.c:191  debug_display_settings           [   0.01490] color: 32 (rgba 8880), depth: 24, stencil: 0, acc: 0000, samples: 0/0
display  D   display_settings.c:506  _al_score_display_settings       [   0.01491] Score is : 769
display  D   display_settings.c:191  debug_display_settings           [   0.01492] color: 32 (rgba 8880), depth: 24, stencil: 0, acc: 0000, samples: 0/0
display  D   display_settings.c:506  _al_score_display_settings       [   0.01494] Score is : 769
display  D   display_settings.c:191  debug_display_settings           [   0.01495] color: 32 (rgba 8880), depth: 16, stencil: 0, acc: 0000, samples: 0/0
display  D   display_settings.c:506  _al_score_display_settings       [   0.01497] Score is : 769
display  D   display_settings.c:191  debug_display_settings           [   0.01498] color: 32 (rgba 8880), depth: 16, stencil: 0, acc: 0000, samples: 0/0
display  D   display_settings.c:506  _al_score_display_settings       [   0.01499] Score is : 769
display  D   display_settings.c:191  debug_display_settings           [   0.01500] color: 16 (rgba 5650), depth: 0, stencil: 0, acc: 0000, samples: 0/0
display  D   display_settings.c:506  _al_score_display_settings       [   0.01502] Score is : 769
display  D   display_settings.c:191  debug_display_settings           [   0.01503] color: 16 (rgba 5650), depth: 0, stencil: 0, acc: 0000, samples: 0/0
display  D   display_settings.c:506  _al_score_display_settings       [   0.01505] Score is : 769
display  D   display_settings.c:191  debug_display_settings           [   0.01506] color: 16 (rgba 5650), depth: 24, stencil: 8, acc: 0000, samples: 0/0
display  D   display_settings.c:506  _al_score_display_settings       [   0.01507] Score is : 769
display  D   display_settings.c:191  debug_display_settings           [   0.01509] color: 16 (rgba 5650), depth: 24, stencil: 8, acc: 0000, samples: 0/0
display  D   display_settings.c:506  _al_score_display_settings       [   0.01510] Score is : 769
display  D   display_settings.c:191  debug_display_settings           [   0.01512] color: 16 (rgba 5650), depth: 24, stencil: 0, acc: 0000, samples: 0/0
display  D   display_settings.c:506  _al_score_display_settings       [   0.01513] Score is : 769
display  D   display_settings.c:191  debug_display_settings           [   0.01514] color: 16 (rgba 5650), depth: 24, stencil: 0, acc: 0000, samples: 0/0
display  D   display_settings.c:506  _al_score_display_settings       [   0.01516] Score is : 769
display  D   display_settings.c:191  debug_display_settings           [   0.01517] color: 16 (rgba 5650), depth: 16, stencil: 0, acc: 0000, samples: 0/0
display  D   display_settings.c:506  _al_score_display_settings       [   0.01519] Score is : 769
display  D   display_settings.c:191  debug_display_settings           [   0.01520] color: 16 (rgba 5650), depth: 16, stencil: 0, acc: 0000, samples: 0/0
display  D   display_settings.c:506  _al_score_display_settings       [   0.01521] Score is : 769
display  D   display_settings.c:191  debug_display_settings           [   0.01522] color: 32 (rgba 8880), depth: 0, stencil: 0, acc: 0000, samples: 0/0
display  D   display_settings.c:377  _al_score_display_settings       [   0.01524] Single Buffer requirement not met.
display  D   display_settings.c:191  debug_display_settings           [   0.01525] color: 32 (rgba 8880), depth: 0, stencil: 0, acc: 0000, samples: 0/0
display  D   display_settings.c:377  _al_score_display_settings       [   0.01527] Single Buffer requirement not met.
display  D   display_settings.c:191  debug_display_settings           [   0.01528] color: 32 (rgba 8880), depth: 24, stencil: 8, acc: 0000, samples: 0/0
display  D   display_settings.c:377  _al_score_display_settings       [   0.01529] Single Buffer requirement not met.
display  D   display_settings.c:191  debug_display_settings           [   0.01531] color: 32 (rgba 8880), depth: 24, stencil: 8, acc: 0000, samples: 0/0
display  D   display_settings.c:377  _al_score_display_settings       [   0.01532] Single Buffer requirement not met.
display  D   display_settings.c:191  debug_display_settings           [   0.01533] color: 32 (rgba 8880), depth: 24, stencil: 0, acc: 0000, samples: 0/0
display  D   display_settings.c:377  _al_score_display_settings       [   0.01535] Single Buffer requirement not met.
display  D   display_settings.c:191  debug_display_settings           [   0.01536] color: 32 (rgba 8880), depth: 24, stencil: 0, acc: 0000, samples: 0/0
display  D   display_settings.c:377  _al_score_display_settings       [   0.01538] Single Buffer requirement not met.
display  D   display_settings.c:191  debug_display_settings           [   0.01539] color: 32 (rgba 8880), depth: 16, stencil: 0, acc: 0000, samples: 0/0
display  D   display_settings.c:377  _al_score_display_settings       [   0.01541] Single Buffer requirement not met.
display  D   display_settings.c:191  debug_display_settings           [   0.01542] color: 32 (rgba 8880), depth: 16, stencil: 0, acc: 0000, samples: 0/0
display  D   display_settings.c:377  _al_score_display_settings       [   0.01543] Single Buffer requirement not met.
display  D   display_settings.c:191  debug_display_settings           [   0.01545] color: 16 (rgba 5650), depth: 0, stencil: 0, acc: 0000, samples: 0/0
display  D   display_settings.c:377  _al_score_display_settings       [   0.01546] Single Buffer requirement not met.
display  D   display_settings.c:191  debug_display_settings           [   0.01547] color: 16 (rgba 5650), depth: 0, stencil: 0, acc: 0000, samples: 0/0
display  D   display_settings.c:377  _al_score_display_settings       [   0.01549] Single Buffer requirement not met.
display  D   display_settings.c:191  debug_display_settings           [   0.01550] color: 16 (rgba 5650), depth: 24, stencil: 8, acc: 0000, samples: 0/0
display  D   display_settings.c:377  _al_score_display_settings       [   0.01554] Single Buffer requirement not met.
display  D   display_settings.c:191  debug_display_settings           [   0.01556] color: 16 (rgba 5650), depth: 24, stencil: 8, acc: 0000, samples: 0/0
display  D   display_settings.c:377  _al_score_display_settings       [   0.01558] Single Buffer requirement not met.
display  D   display_settings.c:191  debug_display_settings           [   0.01559] color: 16 (rgba 5650), depth: 24, stencil: 0, acc: 0000, samples: 0/0
display  D   display_settings.c:377  _al_score_display_settings       [   0.01560] Single Buffer requirement not met.
display  D   display_settings.c:191  debug_display_settings           [   0.01562] color: 16 (rgba 5650), depth: 24, stencil: 0, acc: 0000, samples: 0/0
display  D   display_settings.c:377  _al_score_display_settings       [   0.01563] Single Buffer requirement not met.
display  D   display_settings.c:191  debug_display_settings           [   0.01564] color: 16 (rgba 5650), depth: 16, stencil: 0, acc: 0000, samples: 0/0
display  D   display_settings.c:377  _al_score_display_settings       [   0.01566] Single Buffer requirement not met.
display  D   display_settings.c:191  debug_display_settings           [   0.01567] color: 16 (rgba 5650), depth: 16, stencil: 0, acc: 0000, samples: 0/0
display  D   display_settings.c:377  _al_score_display_settings       [   0.01569] Single Buffer requirement not met.
d3d      D         d3d_disp.cpp:1645 d3d_create_display_internals     [   0.01571] Trying format 0.
d3d      I         d3d_disp.cpp:1326 d3d_display_thread_proc          [   0.01609] Chose a display format: 23
d3d      I         d3d_disp.cpp:1395 d3d_display_thread_proc          [   0.01611] Normal window.
d3d      I         d3d_disp.cpp:801  d3d_create_device                [   0.16182] Using no depth stencil buffer
d3d      D         d3d_disp.cpp:866  d3d_create_device                [   0.19582] BeginScene succeeded in create_device
d3d      D         d3d_disp.cpp:874  d3d_create_device                [   0.19588] Success
d3d      D         d3d_disp.cpp:1668 d3d_create_display_internals     [   0.19592] Resumed after wait.
d3d      I         d3d_disp.cpp:1701 d3d_create_display_internals     [   0.19599] Format 0 succeeded.
d3d      D         d3d_disp.cpp:1724 d3d_create_display_internals     [   0.19603] Returning d3d_display: 0042C2C8
d3d      D         d3d_disp.cpp:1749 d3d_create_display_locked        [   0.19604] al_display=0042C2C8
d3d      D         d3d_disp.cpp:1750 d3d_create_display_locked        [   0.19606] al_display->vt=0042C200
d3d      D         d3d_disp.cpp:1166 real_choose_bitmap_format        [   0.22024] Fake format
d3d      D         d3d_disp.cpp:1166 real_choose_bitmap_format        [   0.22027] Fake format
d3d      D         d3d_disp.cpp:1166 real_choose_bitmap_format        [   0.22028] Fake format
d3d      D         d3d_disp.cpp:1166 real_choose_bitmap_format        [   0.22029] Fake format
d3d      D         d3d_disp.cpp:1166 real_choose_bitmap_format        [   0.22030] Fake format
d3d      D         d3d_disp.cpp:1166 real_choose_bitmap_format        [   0.22032] Fake format
d3d      D         d3d_disp.cpp:1166 real_choose_bitmap_format        [   0.22033] Fake format
d3d      D         d3d_disp.cpp:1166 real_choose_bitmap_format        [   0.22034] Fake format
d3d      D         d3d_disp.cpp:1166 real_choose_bitmap_format        [   0.22035] Fake format
d3d      D         d3d_disp.cpp:1174 real_choose_bitmap_format        [   0.22036] Alpha doesn't match
d3d      D         d3d_disp.cpp:1181 real_choose_bitmap_format        [   0.22037] Adapter format is 23
d3d      D         d3d_disp.cpp:1184 real_choose_bitmap_format        [   0.22039] Found a format
d3d      I         d3d_disp.cpp:2283 _al_d3d_create_bitmap            [   0.22040] Chose bitmap format 9
dtor     D               dtor.c:184  _al_register_destructor          [   0.22258] added dtor for object 0044A598, func 553D2595
d3d      D          d3d_bmp.cpp:467  _al_d3d_sync_bitmap              [   0.27501] _al_d3d_sync_bitmap (system) ref count == 1
d3d      D          d3d_bmp.cpp:473  _al_d3d_sync_bitmap              [   0.27505] _al_d3d_sync_bitmap (video) ref count == 1
d3d      D         d3d_disp.cpp:1166 real_choose_bitmap_format        [   0.33667] Fake format
d3d      D         d3d_disp.cpp:1166 real_choose_bitmap_format        [   0.33671] Fake format
d3d      D         d3d_disp.cpp:1166 real_choose_bitmap_format        [   0.33672] Fake format
d3d      D         d3d_disp.cpp:1166 real_choose_bitmap_format        [   0.33673] Fake format
d3d      D         d3d_disp.cpp:1166 real_choose_bitmap_format        [   0.33674] Fake format
d3d      D         d3d_disp.cpp:1166 real_choose_bitmap_format        [   0.33676] Fake format
d3d      D         d3d_disp.cpp:1166 real_choose_bitmap_format        [   0.33677] Fake format
d3d      D         d3d_disp.cpp:1166 real_choose_bitmap_format        [   0.33678] Fake format
d3d      D         d3d_disp.cpp:1166 real_choose_bitmap_format        [   0.33679] Fake format
d3d      D         d3d_disp.cpp:1174 real_choose_bitmap_format        [   0.33680] Alpha doesn't match
d3d      D         d3d_disp.cpp:1181 real_choose_bitmap_format        [   0.33681] Adapter format is 23
d3d      D         d3d_disp.cpp:1184 real_choose_bitmap_format        [   0.33683] Found a format
d3d      I         d3d_disp.cpp:2283 _al_d3d_create_bitmap            [   0.33684] Chose bitmap format 9
dtor     D               dtor.c:184  _al_register_destructor          [   0.33845] added dtor for object 004472A8, func 553D2595
d3d      D          d3d_bmp.cpp:467  _al_d3d_sync_bitmap              [   0.37459] _al_d3d_sync_bitmap (system) ref count == 1
d3d      D          d3d_bmp.cpp:473  _al_d3d_sync_bitmap              [   0.37471] _al_d3d_sync_bitmap (video) ref count == 1
d3d      D         d3d_disp.cpp:1166 real_choose_bitmap_format        [   0.42062] Fake format
d3d      D         d3d_disp.cpp:1166 real_choose_bitmap_format        [   0.42065] Fake format
d3d      D         d3d_disp.cpp:1166 real_choose_bitmap_format        [   0.42066] Fake format
d3d      D         d3d_disp.cpp:1166 real_choose_bitmap_format        [   0.42067] Fake format
d3d      D         d3d_disp.cpp:1166 real_choose_bitmap_format        [   0.42069] Fake format
d3d      D         d3d_disp.cpp:1166 real_choose_bitmap_format        [   0.42071] Fake format
d3d      D         d3d_disp.cpp:1166 real_choose_bitmap_format        [   0.42073] Fake format
d3d      D         d3d_disp.cpp:1166 real_choose_bitmap_format        [   0.42074] Fake format
d3d      D         d3d_disp.cpp:1166 real_choose_bitmap_format        [   0.42075] Fake format
d3d      D         d3d_disp.cpp:1174 real_choose_bitmap_format        [   0.42076] Alpha doesn't match
d3d      D         d3d_disp.cpp:1181 real_choose_bitmap_format        [   0.42077] Adapter format is 23
d3d      D         d3d_disp.cpp:1184 real_choose_bitmap_format        [   0.42079] Found a format
d3d      I         d3d_disp.cpp:2283 _al_d3d_create_bitmap            [   0.42080] Chose bitmap format 9
dtor     D               dtor.c:184  _al_register_destructor          [   0.42250] added dtor for object 00445EB0, func 553D2595
d3d      D          d3d_bmp.cpp:467  _al_d3d_sync_bitmap              [   0.44784] _al_d3d_sync_bitmap (system) ref count == 1
d3d      D          d3d_bmp.cpp:473  _al_d3d_sync_bitmap              [   0.44790] _al_d3d_sync_bitmap (video) ref count == 1
d3d      D         d3d_disp.cpp:1166 real_choose_bitmap_format        [   0.50963] Fake format
d3d      D         d3d_disp.cpp:1166 real_choose_bitmap_format        [   0.50972] Fake format
d3d      D         d3d_disp.cpp:1166 real_choose_bitmap_format        [   0.50973] Fake format
d3d      D         d3d_disp.cpp:1166 real_choose_bitmap_format        [   0.50975] Fake format
d3d      D         d3d_disp.cpp:1166 real_choose_bitmap_format        [   0.50976] Fake format
d3d      D         d3d_disp.cpp:1166 real_choose_bitmap_format        [   0.50979] Fake format
d3d      D         d3d_disp.cpp:1166 real_choose_bitmap_format        [   0.50980] Fake format
d3d      D         d3d_disp.cpp:1166 real_choose_bitmap_format        [   0.50982] Fake format
d3d      D         d3d_disp.cpp:1166 real_choose_bitmap_format        [   0.50983] Fake format
d3d      D         d3d_disp.cpp:1174 real_choose_bitmap_format        [   0.50984] Alpha doesn't match
d3d      D         d3d_disp.cpp:1181 real_choose_bitmap_format        [   0.50985] Adapter format is 23
d3d      D         d3d_disp.cpp:1184 real_choose_bitmap_format        [   0.50987] Found a format
d3d      I         d3d_disp.cpp:2283 _al_d3d_create_bitmap            [   0.50988] Chose bitmap format 9
dtor     D               dtor.c:184  _al_register_destructor          [   0.51242] added dtor for object 00446EB8, func 553D2595
d3d      D          d3d_bmp.cpp:467  _al_d3d_sync_bitmap              [   0.54925] _al_d3d_sync_bitmap (system) ref count == 1
d3d      D          d3d_bmp.cpp:473  _al_d3d_sync_bitmap              [   0.54930] _al_d3d_sync_bitmap (video) ref count == 1
d3d      D         d3d_disp.cpp:1166 real_choose_bitmap_format        [   0.58911] Fake format
d3d      D         d3d_disp.cpp:1166 real_choose_bitmap_format        [   0.58914] Fake format
d3d      D         d3d_disp.cpp:1166 real_choose_bitmap_format        [   0.58915] Fake format
d3d      D         d3d_disp.cpp:1166 real_choose_bitmap_format        [   0.58916] Fake format
d3d      D         d3d_disp.cpp:1166 real_choose_bitmap_format        [   0.58917] Fake format
d3d      D         d3d_disp.cpp:1166 real_choose_bitmap_format        [   0.58918] Fake format
d3d      D         d3d_disp.cpp:1166 real_choose_bitmap_format        [   0.58919] Fake format
d3d      D         d3d_disp.cpp:1166 real_choose_bitmap_format        [   0.58921] Fake format
d3d      D         d3d_disp.cpp:1166 real_choose_bitmap_format        [   0.58922] Fake format
d3d      D         d3d_disp.cpp:1174 real_choose_bitmap_format        [   0.58923] Alpha doesn't match
d3d      D         d3d_disp.cpp:1181 real_choose_bitmap_format        [   0.58924] Adapter format is 23
d3d      D         d3d_disp.cpp:1184 real_choose_bitmap_format        [   0.58925] Found a format
d3d      I         d3d_disp.cpp:2283 _al_d3d_create_bitmap            [   0.58927] Chose bitmap format 9
dtor     D               dtor.c:184  _al_register_destructor          [   0.59457] added dtor for object 00446A10, func 553D2595
d3d      D          d3d_bmp.cpp:467  _al_d3d_sync_bitmap              [   0.62993] _al_d3d_sync_bitmap (system) ref count == 1
d3d      D          d3d_bmp.cpp:473  _al_d3d_sync_bitmap              [   0.62998] _al_d3d_sync_bitmap (video) ref count == 1
d3d      D         d3d_disp.cpp:1166 real_choose_bitmap_format        [   0.67065] Fake format
d3d      D         d3d_disp.cpp:1166 real_choose_bitmap_format        [   0.67068] Fake format
d3d      D         d3d_disp.cpp:1166 real_choose_bitmap_format        [   0.67069] Fake format
d3d      D         d3d_disp.cpp:1166 real_choose_bitmap_format        [   0.67070] Fake format
d3d      D         d3d_disp.cpp:1166 real_choose_bitmap_format        [   0.67071] Fake format
d3d      D         d3d_disp.cpp:1166 real_choose_bitmap_format        [   0.67072] Fake format
d3d      D         d3d_disp.cpp:1166 real_choose_bitmap_format        [   0.67073] Fake format
d3d      D         d3d_disp.cpp:1166 real_choose_bitmap_format        [   0.67075] Fake format
d3d      D         d3d_disp.cpp:1166 real_choose_bitmap_format        [   0.67077] Fake format
d3d      D         d3d_disp.cpp:1174 real_choose_bitmap_format        [   0.67078] Alpha doesn't match
d3d      D         d3d_disp.cpp:1181 real_choose_bitmap_format        [   0.67079] Adapter format is 23
d3d      D         d3d_disp.cpp:1184 real_choose_bitmap_format        [   0.67081] Found a format
d3d      I         d3d_disp.cpp:2283 _al_d3d_create_bitmap            [   0.67083] Chose bitmap format 9
dtor     D               dtor.c:184  _al_register_destructor          [   0.67258] added dtor for object 00446C60, func 553D2595
d3d      D          d3d_bmp.cpp:467  _al_d3d_sync_bitmap              [   0.70994] _al_d3d_sync_bitmap (system) ref count == 1
d3d      D          d3d_bmp.cpp:473  _al_d3d_sync_bitmap              [   0.71000] _al_d3d_sync_bitmap (video) ref count == 1
d3d      D         d3d_disp.cpp:1166 real_choose_bitmap_format        [   0.74994] Fake format
d3d      D         d3d_disp.cpp:1166 real_choose_bitmap_format        [   0.74997] Fake format
d3d      D         d3d_disp.cpp:1166 real_choose_bitmap_format        [   0.74998] Fake format
d3d      D         d3d_disp.cpp:1166 real_choose_bitmap_format        [   0.75000] Fake format
d3d      D         d3d_disp.cpp:1166 real_choose_bitmap_format        [   0.75001] Fake format
d3d      D         d3d_disp.cpp:1166 real_choose_bitmap_format        [   0.75002] Fake format
d3d      D         d3d_disp.cpp:1166 real_choose_bitmap_format        [   0.75003] Fake format
d3d      D         d3d_disp.cpp:1166 real_choose_bitmap_format        [   0.75004] Fake format
d3d      D         d3d_disp.cpp:1166 real_choose_bitmap_format        [   0.75005] Fake format
d3d      D         d3d_disp.cpp:1174 real_choose_bitmap_format        [   0.75006] Alpha doesn't match
d3d      D         d3d_disp.cpp:1181 real_choose_bitmap_format        [   0.75007] Adapter format is 23
d3d      D         d3d_disp.cpp:1184 real_choose_bitmap_format        [   0.75009] Found a format
d3d      I         d3d_disp.cpp:2283 _al_d3d_create_bitmap            [   0.75010] Chose bitmap format 9
dtor     D               dtor.c:184  _al_register_destructor          [   0.75184] added dtor for object 00446D70, func 553D2595
d3d      D          d3d_bmp.cpp:467  _al_d3d_sync_bitmap              [   0.78692] _al_d3d_sync_bitmap (system) ref count == 1
d3d      D          d3d_bmp.cpp:473  _al_d3d_sync_bitmap              [   0.78710] _al_d3d_sync_bitmap (video) ref count == 1
d3d      D         d3d_disp.cpp:1166 real_choose_bitmap_format        [   0.82874] Fake format
d3d      D         d3d_disp.cpp:1166 real_choose_bitmap_format        [   0.82878] Fake format
d3d      D         d3d_disp.cpp:1166 real_choose_bitmap_format        [   0.82879] Fake format
d3d      D         d3d_disp.cpp:1166 real_choose_bitmap_format        [   0.82880] Fake format
d3d      D         d3d_disp.cpp:1166 real_choose_bitmap_format        [   0.82881] Fake format
d3d      D         d3d_disp.cpp:1166 real_choose_bitmap_format        [   0.82882] Fake format
d3d      D         d3d_disp.cpp:1166 real_choose_bitmap_format        [   0.82884] Fake format
d3d      D         d3d_disp.cpp:1166 real_choose_bitmap_format        [   0.82885] Fake format
d3d      D         d3d_disp.cpp:1166 real_choose_bitmap_format        [   0.82886] Fake format
d3d      D         d3d_disp.cpp:1174 real_choose_bitmap_format        [   0.82887] Alpha doesn't match
d3d      D         d3d_disp.cpp:1181 real_choose_bitmap_format        [   0.82888] Adapter format is 23
d3d      D         d3d_disp.cpp:1184 real_choose_bitmap_format        [   0.82890] Found a format
d3d      I         d3d_disp.cpp:2283 _al_d3d_create_bitmap            [   0.82891] Chose bitmap format 9
dtor     D               dtor.c:184  _al_register_destructor          [   0.83081] added dtor for object 004479E8, func 553D2595
d3d      D          d3d_bmp.cpp:467  _al_d3d_sync_bitmap              [   0.94350] _al_d3d_sync_bitmap (system) ref count == 1
d3d      D          d3d_bmp.cpp:473  _al_d3d_sync_bitmap              [   0.94361] _al_d3d_sync_bitmap (video) ref count == 1
d3d      D         d3d_disp.cpp:1166 real_choose_bitmap_format        [   0.98424] Fake format
d3d      D         d3d_disp.cpp:1166 real_choose_bitmap_format        [   0.98427] Fake format
d3d      D         d3d_disp.cpp:1166 real_choose_bitmap_format        [   0.98428] Fake format
d3d      D         d3d_disp.cpp:1166 real_choose_bitmap_format        [   0.98436] Fake format
d3d      D         d3d_disp.cpp:1166 real_choose_bitmap_format        [   0.98438] Fake format
d3d      D         d3d_disp.cpp:1166 real_choose_bitmap_format        [   0.98439] Fake format
d3d      D         d3d_disp.cpp:1166 real_choose_bitmap_format        [   0.98440] Fake format
d3d      D         d3d_disp.cpp:1166 real_choose_bitmap_format        [   0.98441] Fake format
d3d      D         d3d_disp.cpp:1166 real_choose_bitmap_format        [   0.98443] Fake format
d3d      D         d3d_disp.cpp:1174 real_choose_bitmap_format        [   0.98444] Alpha doesn't match
d3d      D         d3d_disp.cpp:1181 real_choose_bitmap_format        [   0.98445] Adapter format is 23
d3d      D         d3d_disp.cpp:1184 real_choose_bitmap_format        [   0.98446] Found a format
d3d      I         d3d_disp.cpp:2283 _al_d3d_create_bitmap            [   0.98447] Chose bitmap format 9
dtor     D               dtor.c:184  _al_register_destructor          [   0.98628] added dtor for object 00447AF8, func 553D2595
d3d      D          d3d_bmp.cpp:467  _al_d3d_sync_bitmap              [   1.09803] _al_d3d_sync_bitmap (system) ref count == 1
d3d      D          d3d_bmp.cpp:473  _al_d3d_sync_bitmap              [   1.09812] _al_d3d_sync_bitmap (video) ref count == 1
d3d      D         d3d_disp.cpp:1166 real_choose_bitmap_format        [   1.13993] Fake format
d3d      D         d3d_disp.cpp:1166 real_choose_bitmap_format        [   1.13996] Fake format
d3d      D         d3d_disp.cpp:1166 real_choose_bitmap_format        [   1.13998] Fake format
d3d      D         d3d_disp.cpp:1166 real_choose_bitmap_format        [   1.13999] Fake format
d3d      D         d3d_disp.cpp:1166 real_choose_bitmap_format        [   1.14001] Fake format
d3d      D         d3d_disp.cpp:1166 real_choose_bitmap_format        [   1.14002] Fake format
d3d      D         d3d_disp.cpp:1166 real_choose_bitmap_format        [   1.14003] Fake format
d3d      D         d3d_disp.cpp:1166 real_choose_bitmap_format        [   1.14004] Fake format
d3d      D         d3d_disp.cpp:1166 real_choose_bitmap_format        [   1.14005] Fake format
d3d      D         d3d_disp.cpp:1174 real_choose_bitmap_format        [   1.14007] Alpha doesn't match
d3d      D         d3d_disp.cpp:1181 real_choose_bitmap_format        [   1.14008] Adapter format is 23
d3d      D         d3d_disp.cpp:1184 real_choose_bitmap_format        [   1.14010] Found a format
d3d      I         d3d_disp.cpp:2283 _al_d3d_create_bitmap            [   1.14011] Chose bitmap format 9
dtor     D               dtor.c:184  _al_register_destructor          [   1.14192] added dtor for object 00447D08, func 553D2595
d3d      D          d3d_bmp.cpp:467  _al_d3d_sync_bitmap              [   1.17901] _al_d3d_sync_bitmap (system) ref count == 1
d3d      D          d3d_bmp.cpp:473  _al_d3d_sync_bitmap              [   1.17912] _al_d3d_sync_bitmap (video) ref count == 1
d3d      D         d3d_disp.cpp:1166 real_choose_bitmap_format        [   1.22107] Fake format
d3d      D         d3d_disp.cpp:1166 real_choose_bitmap_format        [   1.22111] Fake format
d3d      D         d3d_disp.cpp:1166 real_choose_bitmap_format        [   1.22112] Fake format
d3d      D         d3d_disp.cpp:1166 real_choose_bitmap_format        [   1.22113] Fake format
d3d      D         d3d_disp.cpp:1166 real_choose_bitmap_format        [   1.22115] Fake format
d3d      D         d3d_disp.cpp:1166 real_choose_bitmap_format        [   1.22116] Fake format
d3d      D         d3d_disp.cpp:1166 real_choose_bitmap_format        [   1.22118] Fake format
d3d      D         d3d_disp.cpp:1166 real_choose_bitmap_format        [   1.22119] Fake format
d3d      D         d3d_disp.cpp:1166 real_choose_bitmap_format        [   1.22120] Fake format
d3d      D         d3d_disp.cpp:1174 real_choose_bitmap_format        [   1.22121] Alpha doesn't match
d3d      D         d3d_disp.cpp:1181 real_choose_bitmap_format        [   1.22123] Adapter format is 23
d3d      D         d3d_disp.cpp:1184 real_choose_bitmap_format        [   1.22125] Found a format
d3d      I         d3d_disp.cpp:2283 _al_d3d_create_bitmap            [   1.22126] Chose bitmap format 9
dtor     D               dtor.c:184  _al_register_destructor          [   1.22296] added dtor for object 00447E18, func 553D2595
d3d      D          d3d_bmp.cpp:467  _al_d3d_sync_bitmap              [   1.26029] _al_d3d_sync_bitmap (system) ref count == 1
d3d      D          d3d_bmp.cpp:473  _al_d3d_sync_bitmap              [   1.26040] _al_d3d_sync_bitmap (video) ref count == 1
d3d      D         d3d_disp.cpp:1166 real_choose_bitmap_format        [   1.30179] Fake format
d3d      D         d3d_disp.cpp:1166 real_choose_bitmap_format        [   1.30182] Fake format
d3d      D         d3d_disp.cpp:1166 real_choose_bitmap_format        [   1.30183] Fake format
d3d      D         d3d_disp.cpp:1166 real_choose_bitmap_format        [   1.30186] Fake format
d3d      D         d3d_disp.cpp:1166 real_choose_bitmap_format        [   1.30187] Fake format
d3d      D         d3d_disp.cpp:1166 real_choose_bitmap_format        [   1.30188] Fake format
d3d      D         d3d_disp.cpp:1166 real_choose_bitmap_format        [   1.30190] Fake format
d3d      D         d3d_disp.cpp:1166 real_choose_bitmap_format        [   1.30192] Fake format
d3d      D         d3d_disp.cpp:1166 real_choose_bitmap_format        [   1.30193] Fake format
d3d      D         d3d_disp.cpp:1174 real_choose_bitmap_format        [   1.30194] Alpha doesn't match
d3d      D         d3d_disp.cpp:1181 real_choose_bitmap_format        [   1.30195] Adapter format is 23
d3d      D         d3d_disp.cpp:1184 real_choose_bitmap_format        [   1.30196] Found a format
d3d      I         d3d_disp.cpp:2283 _al_d3d_create_bitmap            [   1.30198] Chose bitmap format 9
dtor     D               dtor.c:184  _al_register_destructor          [   1.30371] added dtor for object 00447F28, func 553D2595
d3d      D          d3d_bmp.cpp:467  _al_d3d_sync_bitmap              [   1.34233] _al_d3d_sync_bitmap (system) ref count == 1
d3d      D          d3d_bmp.cpp:473  _al_d3d_sync_bitmap              [   1.34247] _al_d3d_sync_bitmap (video) ref count == 1
d3d      D         d3d_disp.cpp:1166 real_choose_bitmap_format        [   1.38278] Fake format
d3d      D         d3d_disp.cpp:1166 real_choose_bitmap_format        [   1.38282] Fake format
d3d      D         d3d_disp.cpp:1166 real_choose_bitmap_format        [   1.38283] Fake format
d3d      D         d3d_disp.cpp:1166 real_choose_bitmap_format        [   1.38284] Fake format
d3d      D         d3d_disp.cpp:1166 real_choose_bitmap_format        [   1.38286] Fake format
d3d      D         d3d_disp.cpp:1166 real_choose_bitmap_format        [   1.38288] Fake format
d3d      D         d3d_disp.cpp:1166 real_choose_bitmap_format        [   1.38289] Fake format
d3d      D         d3d_disp.cpp:1166 real_choose_bitmap_format        [   1.38291] Fake format
d3d      D         d3d_disp.cpp:1166 real_choose_bitmap_format        [   1.38292] Fake format
d3d      D         d3d_disp.cpp:1174 real_choose_bitmap_format        [   1.38293] Alpha doesn't match
d3d      D         d3d_disp.cpp:1181 real_choose_bitmap_format        [   1.38294] Adapter format is 23
d3d      D         d3d_disp.cpp:1184 real_choose_bitmap_format        [   1.38296] Found a format
d3d      I         d3d_disp.cpp:2283 _al_d3d_create_bitmap            [   1.38297] Chose bitmap format 9
dtor     D               dtor.c:184  _al_register_destructor          [   1.38467] added dtor for object 00448038, func 553D2595
d3d      D          d3d_bmp.cpp:467  _al_d3d_sync_bitmap              [   1.42227] _al_d3d_sync_bitmap (system) ref count == 1
d3d      D          d3d_bmp.cpp:473  _al_d3d_sync_bitmap              [   1.42241] _al_d3d_sync_bitmap (video) ref count == 1
d3d      D         d3d_disp.cpp:1166 real_choose_bitmap_format        [   1.46278] Fake format
d3d      D         d3d_disp.cpp:1166 real_choose_bitmap_format        [   1.46280] Fake format
d3d      D         d3d_disp.cpp:1166 real_choose_bitmap_format        [   1.46282] Fake format
d3d      D         d3d_disp.cpp:1166 real_choose_bitmap_format        [   1.46284] Fake format
d3d      D         d3d_disp.cpp:1166 real_choose_bitmap_format        [   1.46285] Fake format
d3d      D         d3d_disp.cpp:1166 real_choose_bitmap_format        [   1.46286] Fake format
d3d      D         d3d_disp.cpp:1166 real_choose_bitmap_format        [   1.46287] Fake format
d3d      D         d3d_disp.cpp:1166 real_choose_bitmap_format        [   1.46289] Fake format
d3d      D         d3d_disp.cpp:1166 real_choose_bitmap_format        [   1.46290] Fake format
d3d      D         d3d_disp.cpp:1174 real_choose_bitmap_format        [   1.46291] Alpha doesn't match
d3d      D         d3d_disp.cpp:1181 real_choose_bitmap_format        [   1.46293] Adapter format is 23
d3d      D         d3d_disp.cpp:1184 real_choose_bitmap_format        [   1.46294] Found a format
d3d      I         d3d_disp.cpp:2283 _al_d3d_create_bitmap            [   1.46296] Chose bitmap format 9
dtor     D               dtor.c:184  _al_register_destructor          [   1.46465] added dtor for object 00448148, func 553D2595
d3d      D          d3d_bmp.cpp:467  _al_d3d_sync_bitmap              [   1.50281] _al_d3d_sync_bitmap (system) ref count == 1
d3d      D          d3d_bmp.cpp:473  _al_d3d_sync_bitmap              [   1.50290] _al_d3d_sync_bitmap (video) ref count == 1
d3d      D         d3d_disp.cpp:1166 real_choose_bitmap_format        [   1.54392] Fake format
d3d      D         d3d_disp.cpp:1166 real_choose_bitmap_format        [   1.54395] Fake format
d3d      D         d3d_disp.cpp:1166 real_choose_bitmap_format        [   1.54397] Fake format
d3d      D         d3d_disp.cpp:1166 real_choose_bitmap_format        [   1.54398] Fake format
d3d      D         d3d_disp.cpp:1166 real_choose_bitmap_format        [   1.54399] Fake format
d3d      D         d3d_disp.cpp:1166 real_choose_bitmap_format        [   1.54400] Fake format
d3d      D         d3d_disp.cpp:1166 real_choose_bitmap_format        [   1.54401] Fake format
d3d      D         d3d_disp.cpp:1166 real_choose_bitmap_format        [   1.54403] Fake format
d3d      D         d3d_disp.cpp:1166 real_choose_bitmap_format        [   1.54404] Fake format
d3d      D         d3d_disp.cpp:1174 real_choose_bitmap_format        [   1.54405] Alpha doesn't match
d3d      D         d3d_disp.cpp:1181 real_choose_bitmap_format        [   1.54407] Adapter format is 23
d3d      D         d3d_disp.cpp:1184 real_choose_bitmap_format        [   1.54408] Found a format
d3d      I         d3d_disp.cpp:2283 _al_d3d_create_bitmap            [   1.54410] Chose bitmap format 9
dtor     D               dtor.c:184  _al_register_destructor          [   1.54578] added dtor for object 00448258, func 553D2595
d3d      D          d3d_bmp.cpp:467  _al_d3d_sync_bitmap              [   1.58325] _al_d3d_sync_bitmap (system) ref count == 1
d3d      D          d3d_bmp.cpp:473  _al_d3d_sync_bitmap              [   1.58329] _al_d3d_sync_bitmap (video) ref count == 1
d3d      D         d3d_disp.cpp:1166 real_choose_bitmap_format        [   1.62407] Fake format
d3d      D         d3d_disp.cpp:1166 real_choose_bitmap_format        [   1.62410] Fake format
d3d      D         d3d_disp.cpp:1166 real_choose_bitmap_format        [   1.62412] Fake format
d3d      D         d3d_disp.cpp:1166 real_choose_bitmap_format        [   1.62413] Fake format
d3d      D         d3d_disp.cpp:1166 real_choose_bitmap_format        [   1.62414] Fake format
d3d      D         d3d_disp.cpp:1166 real_choose_bitmap_format        [   1.62415] Fake format
d3d      D         d3d_disp.cpp:1166 real_choose_bitmap_format        [   1.62417] Fake format
d3d      D         d3d_disp.cpp:1166 real_choose_bitmap_format        [   1.62418] Fake format
d3d      D         d3d_disp.cpp:1166 real_choose_bitmap_format        [   1.62419] Fake format
d3d      D         d3d_disp.cpp:1174 real_choose_bitmap_format        [   1.62420] Alpha doesn't match
d3d      D         d3d_disp.cpp:1181 real_choose_bitmap_format        [   1.62422] Adapter format is 23
d3d      D         d3d_disp.cpp:1184 real_choose_bitmap_format        [   1.62424] Found a format
d3d      I         d3d_disp.cpp:2283 _al_d3d_create_bitmap            [   1.62425] Chose bitmap format 9
dtor     D               dtor.c:184  _al_register_destructor          [   1.62598] added dtor for object 00448368, func 553D2595
d3d      D          d3d_bmp.cpp:467  _al_d3d_sync_bitmap              [   1.66432] _al_d3d_sync_bitmap (system) ref count == 1
d3d      D          d3d_bmp.cpp:473  _al_d3d_sync_bitmap              [   1.66445] _al_d3d_sync_bitmap (video) ref count == 1
d3d      D         d3d_disp.cpp:1166 real_choose_bitmap_format        [   1.70469] Fake format
d3d      D         d3d_disp.cpp:1166 real_choose_bitmap_format        [   1.70473] Fake format
d3d      D         d3d_disp.cpp:1166 real_choose_bitmap_format        [   1.70474] Fake format
d3d      D         d3d_disp.cpp:1166 real_choose_bitmap_format        [   1.70475] Fake format
d3d      D         d3d_disp.cpp:1166 real_choose_bitmap_format        [   1.70477] Fake format
d3d      D         d3d_disp.cpp:1166 real_choose_bitmap_format        [   1.70478] Fake format
d3d      D         d3d_disp.cpp:1166 real_choose_bitmap_format        [   1.70479] Fake format
d3d      D         d3d_disp.cpp:1166 real_choose_bitmap_format        [   1.70481] Fake format
d3d      D         d3d_disp.cpp:1166 real_choose_bitmap_format        [   1.70482] Fake format
d3d      D         d3d_disp.cpp:1174 real_choose_bitmap_format        [   1.70483] Alpha doesn't match
d3d      D         d3d_disp.cpp:1181 real_choose_bitmap_format        [   1.70484] Adapter format is 23
d3d      D         d3d_disp.cpp:1184 real_choose_bitmap_format        [   1.70486] Found a format
d3d      I         d3d_disp.cpp:2283 _al_d3d_create_bitmap            [   1.70487] Chose bitmap format 9
dtor     D               dtor.c:184  _al_register_destructor          [   1.70666] added dtor for object 00448478, func 553D2595
d3d      D          d3d_bmp.cpp:467  _al_d3d_sync_bitmap              [   1.74588] _al_d3d_sync_bitmap (system) ref count == 1
d3d      D          d3d_bmp.cpp:473  _al_d3d_sync_bitmap              [   1.74601] _al_d3d_sync_bitmap (video) ref count == 1
d3d      D         d3d_disp.cpp:1166 real_choose_bitmap_format        [   1.78661] Fake format
d3d      D         d3d_disp.cpp:1166 real_choose_bitmap_format        [   1.78665] Fake format
d3d      D         d3d_disp.cpp:1166 real_choose_bitmap_format        [   1.78666] Fake format
d3d      D         d3d_disp.cpp:1166 real_choose_bitmap_format        [   1.78667] Fake format
d3d      D         d3d_disp.cpp:1166 real_choose_bitmap_format        [   1.78669] Fake format
d3d      D         d3d_disp.cpp:1166 real_choose_bitmap_format        [   1.78670] Fake format
d3d      D         d3d_disp.cpp:1166 real_choose_bitmap_format        [   1.78671] Fake format
d3d      D         d3d_disp.cpp:1166 real_choose_bitmap_format        [   1.78673] Fake format
d3d      D         d3d_disp.cpp:1166 real_choose_bitmap_format        [   1.78674] Fake format
d3d      D         d3d_disp.cpp:1174 real_choose_bitmap_format        [   1.78675] Alpha doesn't match
d3d      D         d3d_disp.cpp:1181 real_choose_bitmap_format        [   1.78676] Adapter format is 23
d3d      D         d3d_disp.cpp:1184 real_choose_bitmap_format        [   1.78678] Found a format
d3d      I         d3d_disp.cpp:2283 _al_d3d_create_bitmap            [   1.78679] Chose bitmap format 9
dtor     D               dtor.c:184  _al_register_destructor          [   1.78851] added dtor for object 00446B20, func 553D2595
d3d      D          d3d_bmp.cpp:467  _al_d3d_sync_bitmap              [   1.82050] _al_d3d_sync_bitmap (system) ref count == 1
d3d      D          d3d_bmp.cpp:473  _al_d3d_sync_bitmap              [   1.82057] _al_d3d_sync_bitmap (video) ref count == 1
d3d      D         d3d_disp.cpp:1166 real_choose_bitmap_format        [   1.86646] Fake format
d3d      D         d3d_disp.cpp:1166 real_choose_bitmap_format        [   1.86651] Fake format
d3d      D         d3d_disp.cpp:1166 real_choose_bitmap_format        [   1.86652] Fake format
d3d      D         d3d_disp.cpp:1166 real_choose_bitmap_format        [   1.86654] Fake format
d3d      D         d3d_disp.cpp:1166 real_choose_bitmap_format        [   1.86655] Fake format
d3d      D         d3d_disp.cpp:1166 real_choose_bitmap_format        [   1.86656] Fake format
d3d      D         d3d_disp.cpp:1166 real_choose_bitmap_format        [   1.86657] Fake format
d3d      D         d3d_disp.cpp:1166 real_choose_bitmap_format        [   1.86658] Fake format
d3d      D         d3d_disp.cpp:1166 real_choose_bitmap_format        [   1.86660] Fake format
d3d      D         d3d_disp.cpp:1174 real_choose_bitmap_format        [   1.86661] Alpha doesn't match
d3d      D         d3d_disp.cpp:1181 real_choose_bitmap_format        [   1.86662] Adapter format is 23
d3d      D         d3d_disp.cpp:1184 real_choose_bitmap_format        [   1.86664] Found a format
d3d      I         d3d_disp.cpp:2283 _al_d3d_create_bitmap            [   1.86665] Chose bitmap format 9
dtor     D               dtor.c:184  _al_register_destructor          [   1.86849] added dtor for object 00448848, func 553D2595
d3d      D          d3d_bmp.cpp:467  _al_d3d_sync_bitmap              [   1.90769] _al_d3d_sync_bitmap (system) ref count == 1
d3d      D          d3d_bmp.cpp:473  _al_d3d_sync_bitmap              [   1.90780] _al_d3d_sync_bitmap (video) ref count == 1
dtor     D               dtor.c:184  _al_register_destructor          [   1.94763] added dtor for object 00447C08, func 553D27A7
d3d      D          d3d_bmp.cpp:467  _al_d3d_sync_bitmap              [   1.95940] _al_d3d_sync_bitmap (system) ref count == 1
d3d      D          d3d_bmp.cpp:473  _al_d3d_sync_bitmap              [   1.95943] _al_d3d_sync_bitmap (video) ref count == 1
d3d      D          d3d_bmp.cpp:467  _al_d3d_sync_bitmap              [   1.96893] _al_d3d_sync_bitmap (system) ref count == 1
d3d      D          d3d_bmp.cpp:473  _al_d3d_sync_bitmap              [   1.96897] _al_d3d_sync_bitmap (video) ref count == 1
d3d      D          d3d_bmp.cpp:467  _al_d3d_sync_bitmap              [   1.97638] _al_d3d_sync_bitmap (system) ref count == 1
d3d      D          d3d_bmp.cpp:473  _al_d3d_sync_bitmap              [   1.97642] _al_d3d_sync_bitmap (video) ref count == 1
d3d      D          d3d_bmp.cpp:467  _al_d3d_sync_bitmap              [   1.98264] _al_d3d_sync_bitmap (system) ref count == 1
d3d      D          d3d_bmp.cpp:473  _al_d3d_sync_bitmap              [   1.98268] _al_d3d_sync_bitmap (video) ref count == 1
d3d      D          d3d_bmp.cpp:467  _al_d3d_sync_bitmap              [   1.98895] _al_d3d_sync_bitmap (system) ref count == 1
d3d      D          d3d_bmp.cpp:473  _al_d3d_sync_bitmap              [   1.98900] _al_d3d_sync_bitmap (video) ref count == 1
d3d      D          d3d_bmp.cpp:467  _al_d3d_sync_bitmap              [   1.99573] _al_d3d_sync_bitmap (system) ref count == 1
d3d      D          d3d_bmp.cpp:473  _al_d3d_sync_bitmap              [   1.99576] _al_d3d_sync_bitmap (video) ref count == 1
d3d      D          d3d_bmp.cpp:467  _al_d3d_sync_bitmap              [   2.00221] _al_d3d_sync_bitmap (system) ref count == 1
d3d      D          d3d_bmp.cpp:473  _al_d3d_sync_bitmap              [   2.00225] _al_d3d_sync_bitmap (video) ref count == 1
d3d      D          d3d_bmp.cpp:467  _al_d3d_sync_bitmap              [   2.00839] _al_d3d_sync_bitmap (system) ref count == 1
d3d      D          d3d_bmp.cpp:473  _al_d3d_sync_bitmap              [   2.00843] _al_d3d_sync_bitmap (video) ref count == 1
d3d      D          d3d_bmp.cpp:467  _al_d3d_sync_bitmap              [   2.01464] _al_d3d_sync_bitmap (system) ref count == 1
d3d      D          d3d_bmp.cpp:473  _al_d3d_sync_bitmap              [   2.01469] _al_d3d_sync_bitmap (video) ref count == 1
d3d      D          d3d_bmp.cpp:467  _al_d3d_sync_bitmap              [   2.02085] _al_d3d_sync_bitmap (system) ref count == 1
d3d      D          d3d_bmp.cpp:473  _al_d3d_sync_bitmap              [   2.02091] _al_d3d_sync_bitmap (video) ref count == 1
d3d      D          d3d_bmp.cpp:467  _al_d3d_sync_bitmap              [   2.02704] _al_d3d_sync_bitmap (system) ref count == 1
d3d      D          d3d_bmp.cpp:473  _al_d3d_sync_bitmap              [   2.02709] _al_d3d_sync_bitmap (video) ref count == 1
d3d      D          d3d_bmp.cpp:467  _al_d3d_sync_bitmap              [   2.03335] _al_d3d_sync_bitmap (system) ref count == 1
d3d      D          d3d_bmp.cpp:473  _al_d3d_sync_bitmap              [   2.03339] _al_d3d_sync_bitmap (video) ref count == 1
d3d      D          d3d_bmp.cpp:467  _al_d3d_sync_bitmap              [   2.03960] _al_d3d_sync_bitmap (system) ref count == 1
d3d      D          d3d_bmp.cpp:473  _al_d3d_sync_bitmap              [   2.03965] _al_d3d_sync_bitmap (video) ref count == 1
d3d      D          d3d_bmp.cpp:467  _al_d3d_sync_bitmap              [   2.04596] _al_d3d_sync_bitmap (system) ref count == 1
d3d      D          d3d_bmp.cpp:473  _al_d3d_sync_bitmap              [   2.04600] _al_d3d_sync_bitmap (video) ref count == 1
d3d      D          d3d_bmp.cpp:467  _al_d3d_sync_bitmap              [   2.05218] _al_d3d_sync_bitmap (system) ref count == 1
d3d      D          d3d_bmp.cpp:473  _al_d3d_sync_bitmap              [   2.05223] _al_d3d_sync_bitmap (video) ref count == 1
d3d      D          d3d_bmp.cpp:467  _al_d3d_sync_bitmap              [   2.05840] _al_d3d_sync_bitmap (system) ref count == 1
d3d      D          d3d_bmp.cpp:473  _al_d3d_sync_bitmap              [   2.05845] _al_d3d_sync_bitmap (video) ref count == 1
d3d      D          d3d_bmp.cpp:467  _al_d3d_sync_bitmap              [   2.06487] _al_d3d_sync_bitmap (system) ref count == 1
d3d      D          d3d_bmp.cpp:473  _al_d3d_sync_bitmap              [   2.06490] _al_d3d_sync_bitmap (video) ref count == 1
d3d      D          d3d_bmp.cpp:467  _al_d3d_sync_bitmap              [   2.07117] _al_d3d_sync_bitmap (system) ref count == 1
d3d      D          d3d_bmp.cpp:473  _al_d3d_sync_bitmap              [   2.07122] _al_d3d_sync_bitmap (video) ref count == 1
d3d      D          d3d_bmp.cpp:467  _al_d3d_sync_bitmap              [   2.07753] _al_d3d_sync_bitmap (system) ref count == 1
d3d      D          d3d_bmp.cpp:473  _al_d3d_sync_bitmap              [   2.07758] _al_d3d_sync_bitmap (video) ref count == 1
dtor     D               dtor.c:214  _al_unregister_destructor        [  25.95829] removed dtor for object 00447D08
dtor     D               dtor.c:214  _al_unregister_destructor        [  25.96015] removed dtor for object 00447E18
dtor     D               dtor.c:214  _al_unregister_destructor        [  25.96208] removed dtor for object 00447F28
dtor     D               dtor.c:214  _al_unregister_destructor        [  25.96414] removed dtor for object 00448038
dtor     D               dtor.c:214  _al_unregister_destructor        [  25.96629] removed dtor for object 00448148
dtor     D               dtor.c:214  _al_unregister_destructor        [  25.96843] removed dtor for object 00448258
dtor     D               dtor.c:214  _al_unregister_destructor        [  25.97067] removed dtor for object 00448368
dtor     D               dtor.c:214  _al_unregister_destructor        [  25.97288] removed dtor for object 00448478
dtor     D               dtor.c:214  _al_unregister_destructor        [  25.97508] removed dtor for object 00446B20
dtor     D               dtor.c:214  _al_unregister_destructor        [  25.97729] removed dtor for object 00448848
d3d      I         d3d_disp.cpp:921  d3d_destroy_display              [  25.97949] destroying display 0042C2C8 (current 00000000)
bitmap   D             bitmap.c:548  _al_convert_to_memory_bitmap     [  25.97953] converting display bitmap 00447AF8 to memory bitmap
d3d      D          d3d_bmp.cpp:467  _al_d3d_sync_bitmap              [  25.98223] _al_d3d_sync_bitmap (system) ref count == 1
d3d      D          d3d_bmp.cpp:473  _al_d3d_sync_bitmap              [  25.98227] _al_d3d_sync_bitmap (video) ref count == 1
bitmap   D             bitmap.c:548  _al_convert_to_memory_bitmap     [  26.09722] converting display bitmap 004479E8 to memory bitmap
d3d      D          d3d_bmp.cpp:467  _al_d3d_sync_bitmap              [  26.10017] _al_d3d_sync_bitmap (system) ref count == 1
d3d      D          d3d_bmp.cpp:473  _al_d3d_sync_bitmap              [  26.10021] _al_d3d_sync_bitmap (video) ref count == 1
bitmap   D             bitmap.c:548  _al_convert_to_memory_bitmap     [  26.10918] converting display bitmap 00446D70 to memory bitmap
d3d      D          d3d_bmp.cpp:467  _al_d3d_sync_bitmap              [  26.11144] _al_d3d_sync_bitmap (system) ref count == 1
d3d      D          d3d_bmp.cpp:473  _al_d3d_sync_bitmap              [  26.11148] _al_d3d_sync_bitmap (video) ref count == 1
bitmap   D             bitmap.c:548  _al_convert_to_memory_bitmap     [  26.12046] converting display bitmap 00446C60 to memory bitmap
d3d      D          d3d_bmp.cpp:467  _al_d3d_sync_bitmap              [  26.12266] _al_d3d_sync_bitmap (system) ref count == 1
d3d      D          d3d_bmp.cpp:473  _al_d3d_sync_bitmap              [  26.12269] _al_d3d_sync_bitmap (video) ref count == 1
bitmap   D             bitmap.c:548  _al_convert_to_memory_bitmap     [  26.13185] converting display bitmap 00446A10 to memory bitmap
d3d      D          d3d_bmp.cpp:467  _al_d3d_sync_bitmap              [  26.13408] _al_d3d_sync_bitmap (system) ref count == 1
d3d      D          d3d_bmp.cpp:473  _al_d3d_sync_bitmap              [  26.13412] _al_d3d_sync_bitmap (video) ref count == 1
bitmap   D             bitmap.c:548  _al_convert_to_memory_bitmap     [  26.14309] converting display bitmap 00446EB8 to memory bitmap
d3d      D          d3d_bmp.cpp:467  _al_d3d_sync_bitmap              [  26.14672] _al_d3d_sync_bitmap (system) ref count == 1
d3d      D          d3d_bmp.cpp:473  _al_d3d_sync_bitmap              [  26.14676] _al_d3d_sync_bitmap (video) ref count == 1
bitmap   D             bitmap.c:548  _al_convert_to_memory_bitmap     [  26.15638] converting display bitmap 00445EB0 to memory bitmap
d3d      D          d3d_bmp.cpp:467  _al_d3d_sync_bitmap              [  26.16117] _al_d3d_sync_bitmap (system) ref count == 1
d3d      D          d3d_bmp.cpp:473  _al_d3d_sync_bitmap              [  26.16121] _al_d3d_sync_bitmap (video) ref count == 1
bitmap   D             bitmap.c:548  _al_convert_to_memory_bitmap     [  26.17131] converting display bitmap 004472A8 to memory bitmap
d3d      D          d3d_bmp.cpp:467  _al_d3d_sync_bitmap              [  26.17380] _al_d3d_sync_bitmap (system) ref count == 1
d3d      D          d3d_bmp.cpp:473  _al_d3d_sync_bitmap              [  26.17385] _al_d3d_sync_bitmap (video) ref count == 1
bitmap   D             bitmap.c:548  _al_convert_to_memory_bitmap     [  26.18350] converting display bitmap 0044A598 to memory bitmap
d3d      D          d3d_bmp.cpp:467  _al_d3d_sync_bitmap              [  26.18588] _al_d3d_sync_bitmap (system) ref count == 1
d3d      D          d3d_bmp.cpp:473  _al_d3d_sync_bitmap              [  26.18592] _al_d3d_sync_bitmap (video) ref count == 1
d3d      D         d3d_disp.cpp:905  d3d_destroy_display_internals    [  26.19593] waiting for display 0042C2C8's thread to end
d3d      W         d3d_disp.cpp:617  d3d_destroy_device               [  26.21274] d3d_destroy_device: ref count not 0
d3d      I         d3d_disp.cpp:1527 d3d_display_thread_proc          [  26.28119] d3d display thread exits
dtor     D               dtor.c:214  _al_unregister_destructor        [  26.28124] removed dtor for object 0044A598
dtor     D               dtor.c:214  _al_unregister_destructor        [  26.28251] removed dtor for object 00445EB0
dtor     D               dtor.c:214  _al_unregister_destructor        [  26.28398] removed dtor for object 00446EB8
dtor     D               dtor.c:214  _al_unregister_destructor        [  26.28552] removed dtor for object 00446A10
dtor     D               dtor.c:214  _al_unregister_destructor        [  26.28727] removed dtor for object 00446C60
dtor     D               dtor.c:214  _al_unregister_destructor        [  26.28894] removed dtor for object 004479E8
dtor     D               dtor.c:214  _al_unregister_destructor        [  26.29047] removed dtor for object 00447AF8
dtor     D               dtor.c:214  _al_unregister_destructor        [  26.29223] removed dtor for object 00447C08
dtor     D               dtor.c:114  _al_run_destructors              [  26.29230] calling dtor for object 00446D70, func 553D2595
dtor     D               dtor.c:214  _al_unregister_destructor        [  26.29232] removed dtor for object 00446D70
dtor     D               dtor.c:114  _al_run_destructors              [  26.29495] calling dtor for object 004472A8, func 553D2595
dtor     D               dtor.c:214  _al_unregister_destructor        [  26.29509] removed dtor for object 004472A8
