system   D            wsystem.c:583  maybe_parent_dir                 [   0.00140] Also searching C:\Users\Adam\Documents\Visual Studio 2012\Projects\Parrot_1.0\
system   D            wsystem.c:633  _al_win_safe_load_library        [   0.00775] PathFindOnPath found: C:\Windows\system32\d3d9.dll
system   D            wsystem.c:544  load_library_at_path             [   0.00778] Calling LoadLibrary C:\Windows\system32\d3d9.dll
system   I            wsystem.c:547  load_library_at_path             [   0.01342] Loaded C:\Windows\system32\d3d9.dll
d3d      I         d3d_disp.cpp:696  _al_d3d_init_display             [   0.01927] Render-to-texture: 1
system   I             system.c:252  al_install_system                [   0.01932] Allegro version: 5.0.10
d3d      I         d3d_disp.cpp:1737 d3d_create_display_locked        [   0.02006] faux_fullscreen=0
d3d      D         d3d_disp.cpp:1738 d3d_create_display_locked        [   0.02008] al_display=008EC2C8
d3d      D         d3d_disp.cpp:1739 d3d_create_display_locked        [   0.02009] al_display->vt=008EC200
d3d      I d3d_display_formats.cpp:144  _al_d3d_generate_display_format_list [   0.02119] found 64 format combinations
display  D   display_settings.c:191  debug_display_settings           [   0.02121] color: 32 (rgba 8880), depth: 0, stencil: 0, acc: 0000, samples: 0/0
display  D   display_settings.c:506  _al_score_display_settings       [   0.02123] Score is : 897
display  D   display_settings.c:191  debug_display_settings           [   0.02125] color: 32 (rgba 8880), depth: 0, stencil: 0, acc: 0000, samples: 0/0
display  D   display_settings.c:506  _al_score_display_settings       [   0.02126] Score is : 897
display  D   display_settings.c:191  debug_display_settings           [   0.02128] color: 32 (rgba 8880), depth: 24, stencil: 8, acc: 0000, samples: 0/0
display  D   display_settings.c:506  _al_score_display_settings       [   0.02129] Score is : 897
display  D   display_settings.c:191  debug_display_settings           [   0.02131] color: 32 (rgba 8880), depth: 24, stencil: 8, acc: 0000, samples: 0/0
display  D   display_settings.c:506  _al_score_display_settings       [   0.02132] Score is : 897
display  D   display_settings.c:191  debug_display_settings           [   0.02133] color: 32 (rgba 8880), depth: 24, stencil: 0, acc: 0000, samples: 0/0
display  D   display_settings.c:506  _al_score_display_settings       [   0.02135] Score is : 897
display  D   display_settings.c:191  debug_display_settings           [   0.02136] color: 32 (rgba 8880), depth: 24, stencil: 0, acc: 0000, samples: 0/0
display  D   display_settings.c:506  _al_score_display_settings       [   0.02138] Score is : 897
display  D   display_settings.c:191  debug_display_settings           [   0.02139] color: 32 (rgba 8880), depth: 16, stencil: 0, acc: 0000, samples: 0/0
display  D   display_settings.c:506  _al_score_display_settings       [   0.02141] Score is : 897
display  D   display_settings.c:191  debug_display_settings           [   0.02142] color: 32 (rgba 8880), depth: 16, stencil: 0, acc: 0000, samples: 0/0
display  D   display_settings.c:506  _al_score_display_settings       [   0.02144] Score is : 897
display  D   display_settings.c:191  debug_display_settings           [   0.02145] color: 16 (rgba 5650), depth: 0, stencil: 0, acc: 0000, samples: 0/0
display  D   display_settings.c:506  _al_score_display_settings       [   0.02146] Score is : 897
display  D   display_settings.c:191  debug_display_settings           [   0.02148] color: 16 (rgba 5650), depth: 0, stencil: 0, acc: 0000, samples: 0/0
display  D   display_settings.c:506  _al_score_display_settings       [   0.02149] Score is : 897
display  D   display_settings.c:191  debug_display_settings           [   0.02151] color: 16 (rgba 5650), depth: 24, stencil: 8, acc: 0000, samples: 0/0
display  D   display_settings.c:506  _al_score_display_settings       [   0.02152] Score is : 897
display  D   display_settings.c:191  debug_display_settings           [   0.02153] color: 16 (rgba 5650), depth: 24, stencil: 8, acc: 0000, samples: 0/0
display  D   display_settings.c:506  _al_score_display_settings       [   0.02160] Score is : 897
display  D   display_settings.c:191  debug_display_settings           [   0.02161] color: 16 (rgba 5650), depth: 24, stencil: 0, acc: 0000, samples: 0/0
display  D   display_settings.c:506  _al_score_display_settings       [   0.02163] Score is : 897
display  D   display_settings.c:191  debug_display_settings           [   0.02164] color: 16 (rgba 5650), depth: 24, stencil: 0, acc: 0000, samples: 0/0
display  D   display_settings.c:506  _al_score_display_settings       [   0.02166] Score is : 897
display  D   display_settings.c:191  debug_display_settings           [   0.02167] color: 16 (rgba 5650), depth: 16, stencil: 0, acc: 0000, samples: 0/0
display  D   display_settings.c:506  _al_score_display_settings       [   0.02169] Score is : 897
display  D   display_settings.c:191  debug_display_settings           [   0.02170] color: 16 (rgba 5650), depth: 16, stencil: 0, acc: 0000, samples: 0/0
display  D   display_settings.c:506  _al_score_display_settings       [   0.02171] Score is : 897
display  D   display_settings.c:191  debug_display_settings           [   0.02173] color: 32 (rgba 8880), depth: 0, stencil: 0, acc: 0000, samples: 0/0
display  D   display_settings.c:377  _al_score_display_settings       [   0.02174] Single Buffer requirement not met.
display  D   display_settings.c:191  debug_display_settings           [   0.02176] color: 32 (rgba 8880), depth: 0, stencil: 0, acc: 0000, samples: 0/0
display  D   display_settings.c:377  _al_score_display_settings       [   0.02177] Single Buffer requirement not met.
display  D   display_settings.c:191  debug_display_settings           [   0.02178] color: 32 (rgba 8880), depth: 24, stencil: 8, acc: 0000, samples: 0/0
display  D   display_settings.c:377  _al_score_display_settings       [   0.02180] Single Buffer requirement not met.
display  D   display_settings.c:191  debug_display_settings           [   0.02181] color: 32 (rgba 8880), depth: 24, stencil: 8, acc: 0000, samples: 0/0
display  D   display_settings.c:377  _al_score_display_settings       [   0.02183] Single Buffer requirement not met.
display  D   display_settings.c:191  debug_display_settings           [   0.02184] color: 32 (rgba 8880), depth: 24, stencil: 0, acc: 0000, samples: 0/0
display  D   display_settings.c:377  _al_score_display_settings       [   0.02186] Single Buffer requirement not met.
display  D   display_settings.c:191  debug_display_settings           [   0.02187] color: 32 (rgba 8880), depth: 24, stencil: 0, acc: 0000, samples: 0/0
display  D   display_settings.c:377  _al_score_display_settings       [   0.02189] Single Buffer requirement not met.
display  D   display_settings.c:191  debug_display_settings           [   0.02190] color: 32 (rgba 8880), depth: 16, stencil: 0, acc: 0000, samples: 0/0
display  D   display_settings.c:377  _al_score_display_settings       [   0.02191] Single Buffer requirement not met.
display  D   display_settings.c:191  debug_display_settings           [   0.02193] color: 32 (rgba 8880), depth: 16, stencil: 0, acc: 0000, samples: 0/0
display  D   display_settings.c:377  _al_score_display_settings       [   0.02194] Single Buffer requirement not met.
display  D   display_settings.c:191  debug_display_settings           [   0.02196] color: 16 (rgba 5650), depth: 0, stencil: 0, acc: 0000, samples: 0/0
display  D   display_settings.c:377  _al_score_display_settings       [   0.02197] Single Buffer requirement not met.
display  D   display_settings.c:191  debug_display_settings           [   0.02198] color: 16 (rgba 5650), depth: 0, stencil: 0, acc: 0000, samples: 0/0
display  D   display_settings.c:377  _al_score_display_settings       [   0.02200] Single Buffer requirement not met.
display  D   display_settings.c:191  debug_display_settings           [   0.02202] color: 16 (rgba 5650), depth: 24, stencil: 8, acc: 0000, samples: 0/0
display  D   display_settings.c:377  _al_score_display_settings       [   0.02203] Single Buffer requirement not met.
display  D   display_settings.c:191  debug_display_settings           [   0.02205] color: 16 (rgba 5650), depth: 24, stencil: 8, acc: 0000, samples: 0/0
display  D   display_settings.c:377  _al_score_display_settings       [   0.02206] Single Buffer requirement not met.
display  D   display_settings.c:191  debug_display_settings           [   0.02208] color: 16 (rgba 5650), depth: 24, stencil: 0, acc: 0000, samples: 0/0
display  D   display_settings.c:377  _al_score_display_settings       [   0.02209] Single Buffer requirement not met.
display  D   display_settings.c:191  debug_display_settings           [   0.02211] color: 16 (rgba 5650), depth: 24, stencil: 0, acc: 0000, samples: 0/0
display  D   display_settings.c:377  _al_score_display_settings       [   0.02212] Single Buffer requirement not met.
display  D   display_settings.c:191  debug_display_settings           [   0.02213] color: 16 (rgba 5650), depth: 16, stencil: 0, acc: 0000, samples: 0/0
display  D   display_settings.c:377  _al_score_display_settings       [   0.02215] Single Buffer requirement not met.
display  D   display_settings.c:191  debug_display_settings           [   0.02216] color: 16 (rgba 5650), depth: 16, stencil: 0, acc: 0000, samples: 0/0
display  D   display_settings.c:377  _al_score_display_settings       [   0.02218] Single Buffer requirement not met.
display  D   display_settings.c:191  debug_display_settings           [   0.02219] color: 32 (rgba 8880), depth: 0, stencil: 0, acc: 0000, samples: 0/0
display  D   display_settings.c:506  _al_score_display_settings       [   0.02221] Score is : 769
display  D   display_settings.c:191  debug_display_settings           [   0.02222] color: 32 (rgba 8880), depth: 0, stencil: 0, acc: 0000, samples: 0/0
display  D   display_settings.c:506  _al_score_display_settings       [   0.02224] Score is : 769
display  D   display_settings.c:191  debug_display_settings           [   0.02225] color: 32 (rgba 8880), depth: 24, stencil: 8, acc: 0000, samples: 0/0
display  D   display_settings.c:506  _al_score_display_settings       [   0.02227] Score is : 769
display  D   display_settings.c:191  debug_display_settings           [   0.02228] color: 32 (rgba 8880), depth: 24, stencil: 8, acc: 0000, samples: 0/0
display  D   display_settings.c:506  _al_score_display_settings       [   0.02229] Score is : 769
display  D   display_settings.c:191  debug_display_settings           [   0.02231] color: 32 (rgba 8880), depth: 24, stencil: 0, acc: 0000, samples: 0/0
display  D   display_settings.c:506  _al_score_display_settings       [   0.02232] Score is : 769
display  D   display_settings.c:191  debug_display_settings           [   0.02234] color: 32 (rgba 8880), depth: 24, stencil: 0, acc: 0000, samples: 0/0
display  D   display_settings.c:506  _al_score_display_settings       [   0.02235] Score is : 769
display  D   display_settings.c:191  debug_display_settings           [   0.02236] color: 32 (rgba 8880), depth: 16, stencil: 0, acc: 0000, samples: 0/0
display  D   display_settings.c:506  _al_score_display_settings       [   0.02238] Score is : 769
display  D   display_settings.c:191  debug_display_settings           [   0.02239] color: 32 (rgba 8880), depth: 16, stencil: 0, acc: 0000, samples: 0/0
display  D   display_settings.c:506  _al_score_display_settings       [   0.02241] Score is : 769
display  D   display_settings.c:191  debug_display_settings           [   0.02242] color: 16 (rgba 5650), depth: 0, stencil: 0, acc: 0000, samples: 0/0
display  D   display_settings.c:506  _al_score_display_settings       [   0.02244] Score is : 769
display  D   display_settings.c:191  debug_display_settings           [   0.02245] color: 16 (rgba 5650), depth: 0, stencil: 0, acc: 0000, samples: 0/0
display  D   display_settings.c:506  _al_score_display_settings       [   0.02246] Score is : 769
display  D   display_settings.c:191  debug_display_settings           [   0.02248] color: 16 (rgba 5650), depth: 24, stencil: 8, acc: 0000, samples: 0/0
display  D   display_settings.c:506  _al_score_display_settings       [   0.02249] Score is : 769
display  D   display_settings.c:191  debug_display_settings           [   0.02251] color: 16 (rgba 5650), depth: 24, stencil: 8, acc: 0000, samples: 0/0
display  D   display_settings.c:506  _al_score_display_settings       [   0.02253] Score is : 769
display  D   display_settings.c:191  debug_display_settings           [   0.02254] color: 16 (rgba 5650), depth: 24, stencil: 0, acc: 0000, samples: 0/0
display  D   display_settings.c:506  _al_score_display_settings       [   0.02255] Score is : 769
display  D   display_settings.c:191  debug_display_settings           [   0.02257] color: 16 (rgba 5650), depth: 24, stencil: 0, acc: 0000, samples: 0/0
display  D   display_settings.c:506  _al_score_display_settings       [   0.02258] Score is : 769
display  D   display_settings.c:191  debug_display_settings           [   0.02259] color: 16 (rgba 5650), depth: 16, stencil: 0, acc: 0000, samples: 0/0
display  D   display_settings.c:506  _al_score_display_settings       [   0.02261] Score is : 769
display  D   display_settings.c:191  debug_display_settings           [   0.02262] color: 16 (rgba 5650), depth: 16, stencil: 0, acc: 0000, samples: 0/0
display  D   display_settings.c:506  _al_score_display_settings       [   0.02264] Score is : 769
display  D   display_settings.c:191  debug_display_settings           [   0.02265] color: 32 (rgba 8880), depth: 0, stencil: 0, acc: 0000, samples: 0/0
display  D   display_settings.c:377  _al_score_display_settings       [   0.02267] Single Buffer requirement not met.
display  D   display_settings.c:191  debug_display_settings           [   0.02268] color: 32 (rgba 8880), depth: 0, stencil: 0, acc: 0000, samples: 0/0
display  D   display_settings.c:377  _al_score_display_settings       [   0.02269] Single Buffer requirement not met.
display  D   display_settings.c:191  debug_display_settings           [   0.02271] color: 32 (rgba 8880), depth: 24, stencil: 8, acc: 0000, samples: 0/0
display  D   display_settings.c:377  _al_score_display_settings       [   0.02272] Single Buffer requirement not met.
display  D   display_settings.c:191  debug_display_settings           [   0.02273] color: 32 (rgba 8880), depth: 24, stencil: 8, acc: 0000, samples: 0/0
display  D   display_settings.c:377  _al_score_display_settings       [   0.02275] Single Buffer requirement not met.
display  D   display_settings.c:191  debug_display_settings           [   0.02276] color: 32 (rgba 8880), depth: 24, stencil: 0, acc: 0000, samples: 0/0
display  D   display_settings.c:377  _al_score_display_settings       [   0.02278] Single Buffer requirement not met.
display  D   display_settings.c:191  debug_display_settings           [   0.02279] color: 32 (rgba 8880), depth: 24, stencil: 0, acc: 0000, samples: 0/0
display  D   display_settings.c:377  _al_score_display_settings       [   0.02281] Single Buffer requirement not met.
display  D   display_settings.c:191  debug_display_settings           [   0.02282] color: 32 (rgba 8880), depth: 16, stencil: 0, acc: 0000, samples: 0/0
display  D   display_settings.c:377  _al_score_display_settings       [   0.02283] Single Buffer requirement not met.
display  D   display_settings.c:191  debug_display_settings           [   0.02285] color: 32 (rgba 8880), depth: 16, stencil: 0, acc: 0000, samples: 0/0
display  D   display_settings.c:377  _al_score_display_settings       [   0.02286] Single Buffer requirement not met.
display  D   display_settings.c:191  debug_display_settings           [   0.02288] color: 16 (rgba 5650), depth: 0, stencil: 0, acc: 0000, samples: 0/0
display  D   display_settings.c:377  _al_score_display_settings       [   0.02289] Single Buffer requirement not met.
display  D   display_settings.c:191  debug_display_settings           [   0.02290] color: 16 (rgba 5650), depth: 0, stencil: 0, acc: 0000, samples: 0/0
display  D   display_settings.c:377  _al_score_display_settings       [   0.02292] Single Buffer requirement not met.
display  D   display_settings.c:191  debug_display_settings           [   0.02293] color: 16 (rgba 5650), depth: 24, stencil: 8, acc: 0000, samples: 0/0
display  D   display_settings.c:377  _al_score_display_settings       [   0.02297] Single Buffer requirement not met.
display  D   display_settings.c:191  debug_display_settings           [   0.02299] color: 16 (rgba 5650), depth: 24, stencil: 8, acc: 0000, samples: 0/0
display  D   display_settings.c:377  _al_score_display_settings       [   0.02301] Single Buffer requirement not met.
display  D   display_settings.c:191  debug_display_settings           [   0.02302] color: 16 (rgba 5650), depth: 24, stencil: 0, acc: 0000, samples: 0/0
display  D   display_settings.c:377  _al_score_display_settings       [   0.02303] Single Buffer requirement not met.
display  D   display_settings.c:191  debug_display_settings           [   0.02305] color: 16 (rgba 5650), depth: 24, stencil: 0, acc: 0000, samples: 0/0
display  D   display_settings.c:377  _al_score_display_settings       [   0.02306] Single Buffer requirement not met.
display  D   display_settings.c:191  debug_display_settings           [   0.02308] color: 16 (rgba 5650), depth: 16, stencil: 0, acc: 0000, samples: 0/0
display  D   display_settings.c:377  _al_score_display_settings       [   0.02309] Single Buffer requirement not met.
display  D   display_settings.c:191  debug_display_settings           [   0.02310] color: 16 (rgba 5650), depth: 16, stencil: 0, acc: 0000, samples: 0/0
display  D   display_settings.c:377  _al_score_display_settings       [   0.02314] Single Buffer requirement not met.
d3d      D         d3d_disp.cpp:1645 d3d_create_display_internals     [   0.02316] Trying format 0.
d3d      I         d3d_disp.cpp:1326 d3d_display_thread_proc          [   0.02357] Chose a display format: 23
d3d      I         d3d_disp.cpp:1395 d3d_display_thread_proc          [   0.02360] Normal window.
d3d      I         d3d_disp.cpp:801  d3d_create_device                [   0.04548] Using no depth stencil buffer
d3d      D         d3d_disp.cpp:866  d3d_create_device                [   0.11850] BeginScene succeeded in create_device
d3d      D         d3d_disp.cpp:874  d3d_create_device                [   0.11853] Success
d3d      D         d3d_disp.cpp:1668 d3d_create_display_internals     [   0.11858] Resumed after wait.
d3d      I         d3d_disp.cpp:1701 d3d_create_display_internals     [   0.11861] Format 0 succeeded.
d3d      D         d3d_disp.cpp:1724 d3d_create_display_internals     [   0.11864] Returning d3d_display: 008EC2C8
d3d      D         d3d_disp.cpp:1749 d3d_create_display_locked        [   0.11866] al_display=008EC2C8
d3d      D         d3d_disp.cpp:1750 d3d_create_display_locked        [   0.11867] al_display->vt=008EC200
audio-dsound D           dsound.cpp:244  _dsound_open                     [   0.15898] Loading DirectSound module
system   D            wsystem.c:583  maybe_parent_dir                 [   0.15913] Also searching C:\Users\Adam\Documents\Visual Studio 2012\Projects\Parrot_1.0\
system   D            wsystem.c:633  _al_win_safe_load_library        [   0.17898] PathFindOnPath found: C:\Windows\system32\dsound.dll
system   D            wsystem.c:544  load_library_at_path             [   0.17901] Calling LoadLibrary C:\Windows\system32\dsound.dll
system   I            wsystem.c:547  load_library_at_path             [   0.20163] Loaded C:\Windows\system32\dsound.dll
audio-dsound I           dsound.cpp:261  _dsound_open                     [   0.20209] Starting DirectSound...
audio-dsound D           dsound.cpp:271  _dsound_open                     [   0.24731] DirectSoundCreate8 succeeded
audio    I              audio.c:288  do_install_audio                 [   0.24846] Using DirectSound driver
d3d      D         d3d_disp.cpp:1166 real_choose_bitmap_format        [   0.28237] Fake format
d3d      D         d3d_disp.cpp:1166 real_choose_bitmap_format        [   0.28243] Fake format
d3d      D         d3d_disp.cpp:1166 real_choose_bitmap_format        [   0.28246] Fake format
d3d      D         d3d_disp.cpp:1166 real_choose_bitmap_format        [   0.28249] Fake format
d3d      D         d3d_disp.cpp:1166 real_choose_bitmap_format        [   0.28252] Fake format
d3d      D         d3d_disp.cpp:1166 real_choose_bitmap_format        [   0.28255] Fake format
d3d      D         d3d_disp.cpp:1166 real_choose_bitmap_format        [   0.28257] Fake format
d3d      D         d3d_disp.cpp:1166 real_choose_bitmap_format        [   0.28260] Fake format
d3d      D         d3d_disp.cpp:1166 real_choose_bitmap_format        [   0.28262] Fake format
d3d      D         d3d_disp.cpp:1174 real_choose_bitmap_format        [   0.28267] Alpha doesn't match
d3d      D         d3d_disp.cpp:1181 real_choose_bitmap_format        [   0.28270] Adapter format is 23
d3d      D         d3d_disp.cpp:1184 real_choose_bitmap_format        [   0.28273] Found a format
d3d      I         d3d_disp.cpp:2283 _al_d3d_create_bitmap            [   0.28275] Chose bitmap format 9
dtor     D               dtor.c:184  _al_register_destructor          [   0.28652] added dtor for object 009323B0, func 59142595
d3d      D          d3d_bmp.cpp:467  _al_d3d_sync_bitmap              [   0.33020] _al_d3d_sync_bitmap (system) ref count == 1
d3d      D          d3d_bmp.cpp:473  _al_d3d_sync_bitmap              [   0.33034] _al_d3d_sync_bitmap (video) ref count == 1
d3d      D         d3d_disp.cpp:1166 real_choose_bitmap_format        [   0.42303] Fake format
d3d      D         d3d_disp.cpp:1166 real_choose_bitmap_format        [   0.42306] Fake format
d3d      D         d3d_disp.cpp:1166 real_choose_bitmap_format        [   0.42307] Fake format
d3d      D         d3d_disp.cpp:1166 real_choose_bitmap_format        [   0.42308] Fake format
d3d      D         d3d_disp.cpp:1166 real_choose_bitmap_format        [   0.42309] Fake format
d3d      D         d3d_disp.cpp:1166 real_choose_bitmap_format        [   0.42310] Fake format
d3d      D         d3d_disp.cpp:1166 real_choose_bitmap_format        [   0.42311] Fake format
d3d      D         d3d_disp.cpp:1166 real_choose_bitmap_format        [   0.42313] Fake format
d3d      D         d3d_disp.cpp:1166 real_choose_bitmap_format        [   0.42316] Fake format
d3d      D         d3d_disp.cpp:1174 real_choose_bitmap_format        [   0.42318] Alpha doesn't match
d3d      D         d3d_disp.cpp:1181 real_choose_bitmap_format        [   0.42319] Adapter format is 23
d3d      D         d3d_disp.cpp:1184 real_choose_bitmap_format        [   0.42320] Found a format
d3d      I         d3d_disp.cpp:2283 _al_d3d_create_bitmap            [   0.42321] Chose bitmap format 9
dtor     D               dtor.c:184  _al_register_destructor          [   0.42492] added dtor for object 00932588, func 59142595
d3d      D          d3d_bmp.cpp:467  _al_d3d_sync_bitmap              [   0.45339] _al_d3d_sync_bitmap (system) ref count == 1
d3d      D          d3d_bmp.cpp:473  _al_d3d_sync_bitmap              [   0.45348] _al_d3d_sync_bitmap (video) ref count == 1
d3d      D         d3d_disp.cpp:1166 real_choose_bitmap_format        [   0.51310] Fake format
d3d      D         d3d_disp.cpp:1166 real_choose_bitmap_format        [   0.51312] Fake format
d3d      D         d3d_disp.cpp:1166 real_choose_bitmap_format        [   0.51313] Fake format
d3d      D         d3d_disp.cpp:1166 real_choose_bitmap_format        [   0.51315] Fake format
d3d      D         d3d_disp.cpp:1166 real_choose_bitmap_format        [   0.51316] Fake format
d3d      D         d3d_disp.cpp:1166 real_choose_bitmap_format        [   0.51317] Fake format
d3d      D         d3d_disp.cpp:1166 real_choose_bitmap_format        [   0.51318] Fake format
d3d      D         d3d_disp.cpp:1166 real_choose_bitmap_format        [   0.51319] Fake format
d3d      D         d3d_disp.cpp:1166 real_choose_bitmap_format        [   0.51320] Fake format
d3d      D         d3d_disp.cpp:1174 real_choose_bitmap_format        [   0.51321] Alpha doesn't match
d3d      D         d3d_disp.cpp:1181 real_choose_bitmap_format        [   0.51322] Adapter format is 23
d3d      D         d3d_disp.cpp:1184 real_choose_bitmap_format        [   0.51324] Found a format
d3d      I         d3d_disp.cpp:2283 _al_d3d_create_bitmap            [   0.51326] Chose bitmap format 9
dtor     D               dtor.c:184  _al_register_destructor          [   0.51499] added dtor for object 00932728, func 59142595
d3d      D          d3d_bmp.cpp:467  _al_d3d_sync_bitmap              [   0.53677] _al_d3d_sync_bitmap (system) ref count == 1
d3d      D          d3d_bmp.cpp:473  _al_d3d_sync_bitmap              [   0.53684] _al_d3d_sync_bitmap (video) ref count == 1
d3d      D         d3d_disp.cpp:1166 real_choose_bitmap_format        [   0.60820] Fake format
d3d      D         d3d_disp.cpp:1166 real_choose_bitmap_format        [   0.60823] Fake format
d3d      D         d3d_disp.cpp:1166 real_choose_bitmap_format        [   0.60824] Fake format
d3d      D         d3d_disp.cpp:1166 real_choose_bitmap_format        [   0.60825] Fake format
d3d      D         d3d_disp.cpp:1166 real_choose_bitmap_format        [   0.60827] Fake format
d3d      D         d3d_disp.cpp:1166 real_choose_bitmap_format        [   0.60828] Fake format
d3d      D         d3d_disp.cpp:1166 real_choose_bitmap_format        [   0.60829] Fake format
d3d      D         d3d_disp.cpp:1166 real_choose_bitmap_format        [   0.60830] Fake format
d3d      D         d3d_disp.cpp:1166 real_choose_bitmap_format        [   0.60831] Fake format
d3d      D         d3d_disp.cpp:1174 real_choose_bitmap_format        [   0.60832] Alpha doesn't match
d3d      D         d3d_disp.cpp:1181 real_choose_bitmap_format        [   0.60833] Adapter format is 23
d3d      D         d3d_disp.cpp:1184 real_choose_bitmap_format        [   0.60835] Found a format
d3d      I         d3d_disp.cpp:2283 _al_d3d_create_bitmap            [   0.60836] Chose bitmap format 9
dtor     D               dtor.c:184  _al_register_destructor          [   0.61017] added dtor for object 00932888, func 59142595
d3d      D          d3d_bmp.cpp:467  _al_d3d_sync_bitmap              [   0.64215] _al_d3d_sync_bitmap (system) ref count == 1
d3d      D          d3d_bmp.cpp:473  _al_d3d_sync_bitmap              [   0.64220] _al_d3d_sync_bitmap (video) ref count == 1
d3d      D         d3d_disp.cpp:1166 real_choose_bitmap_format        [   0.70718] Fake format
d3d      D         d3d_disp.cpp:1166 real_choose_bitmap_format        [   0.70720] Fake format
d3d      D         d3d_disp.cpp:1166 real_choose_bitmap_format        [   0.70722] Fake format
d3d      D         d3d_disp.cpp:1166 real_choose_bitmap_format        [   0.70723] Fake format
d3d      D         d3d_disp.cpp:1166 real_choose_bitmap_format        [   0.70724] Fake format
d3d      D         d3d_disp.cpp:1166 real_choose_bitmap_format        [   0.70725] Fake format
d3d      D         d3d_disp.cpp:1166 real_choose_bitmap_format        [   0.70726] Fake format
d3d      D         d3d_disp.cpp:1166 real_choose_bitmap_format        [   0.70727] Fake format
d3d      D         d3d_disp.cpp:1166 real_choose_bitmap_format        [   0.70728] Fake format
d3d      D         d3d_disp.cpp:1174 real_choose_bitmap_format        [   0.70729] Alpha doesn't match
d3d      D         d3d_disp.cpp:1181 real_choose_bitmap_format        [   0.70731] Adapter format is 23
d3d      D         d3d_disp.cpp:1184 real_choose_bitmap_format        [   0.70732] Found a format
d3d      I         d3d_disp.cpp:2283 _al_d3d_create_bitmap            [   0.70733] Chose bitmap format 9
dtor     D               dtor.c:184  _al_register_destructor          [   0.70899] added dtor for object 00932998, func 59142595
d3d      D          d3d_bmp.cpp:467  _al_d3d_sync_bitmap              [   0.73980] _al_d3d_sync_bitmap (system) ref count == 1
d3d      D          d3d_bmp.cpp:473  _al_d3d_sync_bitmap              [   0.73985] _al_d3d_sync_bitmap (video) ref count == 1
d3d      D         d3d_disp.cpp:1166 real_choose_bitmap_format        [   0.78520] Fake format
d3d      D         d3d_disp.cpp:1166 real_choose_bitmap_format        [   0.78523] Fake format
d3d      D         d3d_disp.cpp:1166 real_choose_bitmap_format        [   0.78524] Fake format
d3d      D         d3d_disp.cpp:1166 real_choose_bitmap_format        [   0.78526] Fake format
d3d      D         d3d_disp.cpp:1166 real_choose_bitmap_format        [   0.78527] Fake format
d3d      D         d3d_disp.cpp:1166 real_choose_bitmap_format        [   0.78528] Fake format
d3d      D         d3d_disp.cpp:1166 real_choose_bitmap_format        [   0.78529] Fake format
d3d      D         d3d_disp.cpp:1166 real_choose_bitmap_format        [   0.78530] Fake format
d3d      D         d3d_disp.cpp:1166 real_choose_bitmap_format        [   0.78531] Fake format
d3d      D         d3d_disp.cpp:1174 real_choose_bitmap_format        [   0.78532] Alpha doesn't match
d3d      D         d3d_disp.cpp:1181 real_choose_bitmap_format        [   0.78533] Adapter format is 23
d3d      D         d3d_disp.cpp:1184 real_choose_bitmap_format        [   0.78534] Found a format
d3d      I         d3d_disp.cpp:2283 _al_d3d_create_bitmap            [   0.78536] Chose bitmap format 9
dtor     D               dtor.c:184  _al_register_destructor          [   0.78696] added dtor for object 00932AA8, func 59142595
d3d      D          d3d_bmp.cpp:467  _al_d3d_sync_bitmap              [   0.81868] _al_d3d_sync_bitmap (system) ref count == 1
d3d      D          d3d_bmp.cpp:473  _al_d3d_sync_bitmap              [   0.81873] _al_d3d_sync_bitmap (video) ref count == 1
d3d      D         d3d_disp.cpp:1166 real_choose_bitmap_format        [   0.89340] Fake format
d3d      D         d3d_disp.cpp:1166 real_choose_bitmap_format        [   0.89343] Fake format
d3d      D         d3d_disp.cpp:1166 real_choose_bitmap_format        [   0.89344] Fake format
d3d      D         d3d_disp.cpp:1166 real_choose_bitmap_format        [   0.89345] Fake format
d3d      D         d3d_disp.cpp:1166 real_choose_bitmap_format        [   0.89347] Fake format
d3d      D         d3d_disp.cpp:1166 real_choose_bitmap_format        [   0.89348] Fake format
d3d      D         d3d_disp.cpp:1166 real_choose_bitmap_format        [   0.89349] Fake format
d3d      D         d3d_disp.cpp:1166 real_choose_bitmap_format        [   0.89350] Fake format
d3d      D         d3d_disp.cpp:1166 real_choose_bitmap_format        [   0.89351] Fake format
d3d      D         d3d_disp.cpp:1174 real_choose_bitmap_format        [   0.89352] Alpha doesn't match
d3d      D         d3d_disp.cpp:1181 real_choose_bitmap_format        [   0.89354] Adapter format is 23
d3d      D         d3d_disp.cpp:1184 real_choose_bitmap_format        [   0.89355] Found a format
d3d      I         d3d_disp.cpp:2283 _al_d3d_create_bitmap            [   0.89356] Chose bitmap format 9
dtor     D               dtor.c:184  _al_register_destructor          [   0.89535] added dtor for object 00932BB8, func 59142595
d3d      D          d3d_bmp.cpp:467  _al_d3d_sync_bitmap              [   0.92246] _al_d3d_sync_bitmap (system) ref count == 1
d3d      D          d3d_bmp.cpp:473  _al_d3d_sync_bitmap              [   0.92255] _al_d3d_sync_bitmap (video) ref count == 1
d3d      D         d3d_disp.cpp:1166 real_choose_bitmap_format        [   0.98303] Fake format
d3d      D         d3d_disp.cpp:1166 real_choose_bitmap_format        [   0.98306] Fake format
d3d      D         d3d_disp.cpp:1166 real_choose_bitmap_format        [   0.98308] Fake format
d3d      D         d3d_disp.cpp:1166 real_choose_bitmap_format        [   0.98309] Fake format
d3d      D         d3d_disp.cpp:1166 real_choose_bitmap_format        [   0.98311] Fake format
d3d      D         d3d_disp.cpp:1166 real_choose_bitmap_format        [   0.98312] Fake format
d3d      D         d3d_disp.cpp:1166 real_choose_bitmap_format        [   0.98313] Fake format
d3d      D         d3d_disp.cpp:1166 real_choose_bitmap_format        [   0.98314] Fake format
d3d      D         d3d_disp.cpp:1166 real_choose_bitmap_format        [   0.98315] Fake format
d3d      D         d3d_disp.cpp:1174 real_choose_bitmap_format        [   0.98316] Alpha doesn't match
d3d      D         d3d_disp.cpp:1181 real_choose_bitmap_format        [   0.98321] Adapter format is 23
d3d      D         d3d_disp.cpp:1184 real_choose_bitmap_format        [   0.98323] Found a format
d3d      I         d3d_disp.cpp:2283 _al_d3d_create_bitmap            [   0.98324] Chose bitmap format 9
dtor     D               dtor.c:184  _al_register_destructor          [   0.98489] added dtor for object 00932CC8, func 59142595
d3d      D          d3d_bmp.cpp:467  _al_d3d_sync_bitmap              [   1.09263] _al_d3d_sync_bitmap (system) ref count == 1
d3d      D          d3d_bmp.cpp:473  _al_d3d_sync_bitmap              [   1.09271] _al_d3d_sync_bitmap (video) ref count == 1
d3d      D         d3d_disp.cpp:1166 real_choose_bitmap_format        [   1.15466] Fake format
d3d      D         d3d_disp.cpp:1166 real_choose_bitmap_format        [   1.15468] Fake format
d3d      D         d3d_disp.cpp:1166 real_choose_bitmap_format        [   1.15469] Fake format
d3d      D         d3d_disp.cpp:1166 real_choose_bitmap_format        [   1.15471] Fake format
d3d      D         d3d_disp.cpp:1166 real_choose_bitmap_format        [   1.15472] Fake format
d3d      D         d3d_disp.cpp:1166 real_choose_bitmap_format        [   1.15473] Fake format
d3d      D         d3d_disp.cpp:1166 real_choose_bitmap_format        [   1.15474] Fake format
d3d      D         d3d_disp.cpp:1166 real_choose_bitmap_format        [   1.15475] Fake format
d3d      D         d3d_disp.cpp:1166 real_choose_bitmap_format        [   1.15476] Fake format
d3d      D         d3d_disp.cpp:1174 real_choose_bitmap_format        [   1.15478] Alpha doesn't match
d3d      D         d3d_disp.cpp:1181 real_choose_bitmap_format        [   1.15479] Adapter format is 23
d3d      D         d3d_disp.cpp:1184 real_choose_bitmap_format        [   1.15480] Found a format
d3d      I         d3d_disp.cpp:2283 _al_d3d_create_bitmap            [   1.15481] Chose bitmap format 9
dtor     D               dtor.c:184  _al_register_destructor          [   1.15653] added dtor for object 00932DD8, func 59142595
d3d      D          d3d_bmp.cpp:467  _al_d3d_sync_bitmap              [   1.26096] _al_d3d_sync_bitmap (system) ref count == 1
d3d      D          d3d_bmp.cpp:473  _al_d3d_sync_bitmap              [   1.26102] _al_d3d_sync_bitmap (video) ref count == 1
d3d      D         d3d_disp.cpp:1166 real_choose_bitmap_format        [   1.32461] Fake format
d3d      D         d3d_disp.cpp:1166 real_choose_bitmap_format        [   1.32463] Fake format
d3d      D         d3d_disp.cpp:1166 real_choose_bitmap_format        [   1.32465] Fake format
d3d      D         d3d_disp.cpp:1166 real_choose_bitmap_format        [   1.32466] Fake format
d3d      D         d3d_disp.cpp:1166 real_choose_bitmap_format        [   1.32467] Fake format
d3d      D         d3d_disp.cpp:1166 real_choose_bitmap_format        [   1.32468] Fake format
d3d      D         d3d_disp.cpp:1166 real_choose_bitmap_format        [   1.32470] Fake format
d3d      D         d3d_disp.cpp:1166 real_choose_bitmap_format        [   1.32471] Fake format
d3d      D         d3d_disp.cpp:1166 real_choose_bitmap_format        [   1.32472] Fake format
d3d      D         d3d_disp.cpp:1174 real_choose_bitmap_format        [   1.32473] Alpha doesn't match
d3d      D         d3d_disp.cpp:1181 real_choose_bitmap_format        [   1.32475] Adapter format is 23
d3d      D         d3d_disp.cpp:1184 real_choose_bitmap_format        [   1.32476] Found a format
d3d      I         d3d_disp.cpp:2283 _al_d3d_create_bitmap            [   1.32477] Chose bitmap format 9
dtor     D               dtor.c:184  _al_register_destructor          [   1.32639] added dtor for object 009330A8, func 59142595
d3d      D          d3d_bmp.cpp:467  _al_d3d_sync_bitmap              [   1.35758] _al_d3d_sync_bitmap (system) ref count == 1
d3d      D          d3d_bmp.cpp:473  _al_d3d_sync_bitmap              [   1.35765] _al_d3d_sync_bitmap (video) ref count == 1
d3d      D         d3d_disp.cpp:1166 real_choose_bitmap_format        [   1.42425] Fake format
d3d      D         d3d_disp.cpp:1166 real_choose_bitmap_format        [   1.42428] Fake format
d3d      D         d3d_disp.cpp:1166 real_choose_bitmap_format        [   1.42430] Fake format
d3d      D         d3d_disp.cpp:1166 real_choose_bitmap_format        [   1.42431] Fake format
d3d      D         d3d_disp.cpp:1166 real_choose_bitmap_format        [   1.42433] Fake format
d3d      D         d3d_disp.cpp:1166 real_choose_bitmap_format        [   1.42434] Fake format
d3d      D         d3d_disp.cpp:1166 real_choose_bitmap_format        [   1.42435] Fake format
d3d      D         d3d_disp.cpp:1166 real_choose_bitmap_format        [   1.42436] Fake format
d3d      D         d3d_disp.cpp:1166 real_choose_bitmap_format        [   1.42437] Fake format
d3d      D         d3d_disp.cpp:1174 real_choose_bitmap_format        [   1.42439] Alpha doesn't match
d3d      D         d3d_disp.cpp:1181 real_choose_bitmap_format        [   1.42440] Adapter format is 23
d3d      D         d3d_disp.cpp:1184 real_choose_bitmap_format        [   1.42441] Found a format
d3d      I         d3d_disp.cpp:2283 _al_d3d_create_bitmap            [   1.42443] Chose bitmap format 9
dtor     D               dtor.c:184  _al_register_destructor          [   1.42612] added dtor for object 009331B8, func 59142595
d3d      D          d3d_bmp.cpp:467  _al_d3d_sync_bitmap              [   1.45860] _al_d3d_sync_bitmap (system) ref count == 1
d3d      D          d3d_bmp.cpp:473  _al_d3d_sync_bitmap              [   1.45867] _al_d3d_sync_bitmap (video) ref count == 1
d3d      D         d3d_disp.cpp:1166 real_choose_bitmap_format        [   1.50851] Fake format
d3d      D         d3d_disp.cpp:1166 real_choose_bitmap_format        [   1.50854] Fake format
d3d      D         d3d_disp.cpp:1166 real_choose_bitmap_format        [   1.50855] Fake format
d3d      D         d3d_disp.cpp:1166 real_choose_bitmap_format        [   1.50856] Fake format
d3d      D         d3d_disp.cpp:1166 real_choose_bitmap_format        [   1.50857] Fake format
d3d      D         d3d_disp.cpp:1166 real_choose_bitmap_format        [   1.50858] Fake format
d3d      D         d3d_disp.cpp:1166 real_choose_bitmap_format        [   1.50860] Fake format
d3d      D         d3d_disp.cpp:1166 real_choose_bitmap_format        [   1.50861] Fake format
d3d      D         d3d_disp.cpp:1166 real_choose_bitmap_format        [   1.50862] Fake format
d3d      D         d3d_disp.cpp:1174 real_choose_bitmap_format        [   1.50863] Alpha doesn't match
d3d      D         d3d_disp.cpp:1181 real_choose_bitmap_format        [   1.50864] Adapter format is 23
d3d      D         d3d_disp.cpp:1184 real_choose_bitmap_format        [   1.50865] Found a format
d3d      I         d3d_disp.cpp:2283 _al_d3d_create_bitmap            [   1.50867] Chose bitmap format 9
dtor     D               dtor.c:184  _al_register_destructor          [   1.51041] added dtor for object 009332C8, func 59142595
d3d      D          d3d_bmp.cpp:467  _al_d3d_sync_bitmap              [   1.54355] _al_d3d_sync_bitmap (system) ref count == 1
d3d      D          d3d_bmp.cpp:473  _al_d3d_sync_bitmap              [   1.54365] _al_d3d_sync_bitmap (video) ref count == 1
d3d      D         d3d_disp.cpp:1166 real_choose_bitmap_format        [   1.60455] Fake format
d3d      D         d3d_disp.cpp:1166 real_choose_bitmap_format        [   1.60458] Fake format
d3d      D         d3d_disp.cpp:1166 real_choose_bitmap_format        [   1.60459] Fake format
d3d      D         d3d_disp.cpp:1166 real_choose_bitmap_format        [   1.60461] Fake format
d3d      D         d3d_disp.cpp:1166 real_choose_bitmap_format        [   1.60462] Fake format
d3d      D         d3d_disp.cpp:1166 real_choose_bitmap_format        [   1.60463] Fake format
d3d      D         d3d_disp.cpp:1166 real_choose_bitmap_format        [   1.60464] Fake format
d3d      D         d3d_disp.cpp:1166 real_choose_bitmap_format        [   1.60466] Fake format
d3d      D         d3d_disp.cpp:1166 real_choose_bitmap_format        [   1.60467] Fake format
d3d      D         d3d_disp.cpp:1174 real_choose_bitmap_format        [   1.60468] Alpha doesn't match
d3d      D         d3d_disp.cpp:1181 real_choose_bitmap_format        [   1.60470] Adapter format is 23
d3d      D         d3d_disp.cpp:1184 real_choose_bitmap_format        [   1.60471] Found a format
d3d      I         d3d_disp.cpp:2283 _al_d3d_create_bitmap            [   1.60472] Chose bitmap format 9
dtor     D               dtor.c:184  _al_register_destructor          [   1.60719] added dtor for object 009333D8, func 59142595
d3d      D          d3d_bmp.cpp:467  _al_d3d_sync_bitmap              [   1.64038] _al_d3d_sync_bitmap (system) ref count == 1
d3d      D          d3d_bmp.cpp:473  _al_d3d_sync_bitmap              [   1.64047] _al_d3d_sync_bitmap (video) ref count == 1
d3d      D         d3d_disp.cpp:1166 real_choose_bitmap_format        [   1.70573] Fake format
d3d      D         d3d_disp.cpp:1166 real_choose_bitmap_format        [   1.70576] Fake format
d3d      D         d3d_disp.cpp:1166 real_choose_bitmap_format        [   1.70577] Fake format
d3d      D         d3d_disp.cpp:1166 real_choose_bitmap_format        [   1.70579] Fake format
d3d      D         d3d_disp.cpp:1166 real_choose_bitmap_format        [   1.70580] Fake format
d3d      D         d3d_disp.cpp:1166 real_choose_bitmap_format        [   1.70581] Fake format
d3d      D         d3d_disp.cpp:1166 real_choose_bitmap_format        [   1.70582] Fake format
d3d      D         d3d_disp.cpp:1166 real_choose_bitmap_format        [   1.70583] Fake format
d3d      D         d3d_disp.cpp:1166 real_choose_bitmap_format        [   1.70585] Fake format
d3d      D         d3d_disp.cpp:1174 real_choose_bitmap_format        [   1.70586] Alpha doesn't match
d3d      D         d3d_disp.cpp:1181 real_choose_bitmap_format        [   1.70587] Adapter format is 23
d3d      D         d3d_disp.cpp:1184 real_choose_bitmap_format        [   1.70589] Found a format
d3d      I         d3d_disp.cpp:2283 _al_d3d_create_bitmap            [   1.70590] Chose bitmap format 9
dtor     D               dtor.c:184  _al_register_destructor          [   1.70811] added dtor for object 009334E8, func 59142595
d3d      D          d3d_bmp.cpp:467  _al_d3d_sync_bitmap              [   1.74090] _al_d3d_sync_bitmap (system) ref count == 1
d3d      D          d3d_bmp.cpp:473  _al_d3d_sync_bitmap              [   1.74097] _al_d3d_sync_bitmap (video) ref count == 1
d3d      D         d3d_disp.cpp:1166 real_choose_bitmap_format        [   1.81330] Fake format
d3d      D         d3d_disp.cpp:1166 real_choose_bitmap_format        [   1.81333] Fake format
d3d      D         d3d_disp.cpp:1166 real_choose_bitmap_format        [   1.81334] Fake format
d3d      D         d3d_disp.cpp:1166 real_choose_bitmap_format        [   1.81335] Fake format
d3d      D         d3d_disp.cpp:1166 real_choose_bitmap_format        [   1.81336] Fake format
d3d      D         d3d_disp.cpp:1166 real_choose_bitmap_format        [   1.81338] Fake format
d3d      D         d3d_disp.cpp:1166 real_choose_bitmap_format        [   1.81339] Fake format
d3d      D         d3d_disp.cpp:1166 real_choose_bitmap_format        [   1.81340] Fake format
d3d      D         d3d_disp.cpp:1166 real_choose_bitmap_format        [   1.81341] Fake format
d3d      D         d3d_disp.cpp:1174 real_choose_bitmap_format        [   1.81342] Alpha doesn't match
d3d      D         d3d_disp.cpp:1181 real_choose_bitmap_format        [   1.81343] Adapter format is 23
d3d      D         d3d_disp.cpp:1184 real_choose_bitmap_format        [   1.81345] Found a format
d3d      I         d3d_disp.cpp:2283 _al_d3d_create_bitmap            [   1.81346] Chose bitmap format 9
dtor     D               dtor.c:184  _al_register_destructor          [   1.81533] added dtor for object 009335F8, func 59142595
d3d      D          d3d_bmp.cpp:467  _al_d3d_sync_bitmap              [   1.84769] _al_d3d_sync_bitmap (system) ref count == 1
d3d      D          d3d_bmp.cpp:473  _al_d3d_sync_bitmap              [   1.84776] _al_d3d_sync_bitmap (video) ref count == 1
d3d      D         d3d_disp.cpp:1166 real_choose_bitmap_format        [   1.91144] Fake format
d3d      D         d3d_disp.cpp:1166 real_choose_bitmap_format        [   1.91147] Fake format
d3d      D         d3d_disp.cpp:1166 real_choose_bitmap_format        [   1.91148] Fake format
d3d      D         d3d_disp.cpp:1166 real_choose_bitmap_format        [   1.91149] Fake format
d3d      D         d3d_disp.cpp:1166 real_choose_bitmap_format        [   1.91151] Fake format
d3d      D         d3d_disp.cpp:1166 real_choose_bitmap_format        [   1.91152] Fake format
d3d      D         d3d_disp.cpp:1166 real_choose_bitmap_format        [   1.91153] Fake format
d3d      D         d3d_disp.cpp:1166 real_choose_bitmap_format        [   1.91154] Fake format
d3d      D         d3d_disp.cpp:1166 real_choose_bitmap_format        [   1.91156] Fake format
d3d      D         d3d_disp.cpp:1174 real_choose_bitmap_format        [   1.91157] Alpha doesn't match
d3d      D         d3d_disp.cpp:1181 real_choose_bitmap_format        [   1.91158] Adapter format is 23
d3d      D         d3d_disp.cpp:1184 real_choose_bitmap_format        [   1.91160] Found a format
d3d      I         d3d_disp.cpp:2283 _al_d3d_create_bitmap            [   1.91161] Chose bitmap format 9
dtor     D               dtor.c:184  _al_register_destructor          [   1.91372] added dtor for object 00933708, func 59142595
d3d      D          d3d_bmp.cpp:467  _al_d3d_sync_bitmap              [   1.94667] _al_d3d_sync_bitmap (system) ref count == 1
d3d      D          d3d_bmp.cpp:473  _al_d3d_sync_bitmap              [   1.94677] _al_d3d_sync_bitmap (video) ref count == 1
d3d      D         d3d_disp.cpp:1166 real_choose_bitmap_format        [   2.01089] Fake format
d3d      D         d3d_disp.cpp:1166 real_choose_bitmap_format        [   2.01095] Fake format
d3d      D         d3d_disp.cpp:1166 real_choose_bitmap_format        [   2.01096] Fake format
d3d      D         d3d_disp.cpp:1166 real_choose_bitmap_format        [   2.01098] Fake format
d3d      D         d3d_disp.cpp:1166 real_choose_bitmap_format        [   2.01099] Fake format
d3d      D         d3d_disp.cpp:1166 real_choose_bitmap_format        [   2.01100] Fake format
d3d      D         d3d_disp.cpp:1166 real_choose_bitmap_format        [   2.01101] Fake format
d3d      D         d3d_disp.cpp:1166 real_choose_bitmap_format        [   2.01103] Fake format
d3d      D         d3d_disp.cpp:1166 real_choose_bitmap_format        [   2.01104] Fake format
d3d      D         d3d_disp.cpp:1174 real_choose_bitmap_format        [   2.01105] Alpha doesn't match
d3d      D         d3d_disp.cpp:1181 real_choose_bitmap_format        [   2.01107] Adapter format is 23
d3d      D         d3d_disp.cpp:1184 real_choose_bitmap_format        [   2.01108] Found a format
d3d      I         d3d_disp.cpp:2283 _al_d3d_create_bitmap            [   2.01110] Chose bitmap format 9
dtor     D               dtor.c:184  _al_register_destructor          [   2.01340] added dtor for object 00933818, func 59142595
d3d      D          d3d_bmp.cpp:467  _al_d3d_sync_bitmap              [   2.04819] _al_d3d_sync_bitmap (system) ref count == 1
d3d      D          d3d_bmp.cpp:473  _al_d3d_sync_bitmap              [   2.04832] _al_d3d_sync_bitmap (video) ref count == 1
d3d      D         d3d_disp.cpp:1166 real_choose_bitmap_format        [   2.08935] Fake format
d3d      D         d3d_disp.cpp:1166 real_choose_bitmap_format        [   2.08938] Fake format
d3d      D         d3d_disp.cpp:1166 real_choose_bitmap_format        [   2.08939] Fake format
d3d      D         d3d_disp.cpp:1166 real_choose_bitmap_format        [   2.08940] Fake format
d3d      D         d3d_disp.cpp:1166 real_choose_bitmap_format        [   2.08942] Fake format
d3d      D         d3d_disp.cpp:1166 real_choose_bitmap_format        [   2.08943] Fake format
d3d      D         d3d_disp.cpp:1166 real_choose_bitmap_format        [   2.08944] Fake format
d3d      D         d3d_disp.cpp:1166 real_choose_bitmap_format        [   2.08945] Fake format
d3d      D         d3d_disp.cpp:1166 real_choose_bitmap_format        [   2.08947] Fake format
d3d      D         d3d_disp.cpp:1174 real_choose_bitmap_format        [   2.08948] Alpha doesn't match
d3d      D         d3d_disp.cpp:1181 real_choose_bitmap_format        [   2.08950] Adapter format is 23
d3d      D         d3d_disp.cpp:1184 real_choose_bitmap_format        [   2.08951] Found a format
d3d      I         d3d_disp.cpp:2283 _al_d3d_create_bitmap            [   2.08952] Chose bitmap format 9
dtor     D               dtor.c:184  _al_register_destructor          [   2.09155] added dtor for object 00932EE8, func 59142595
d3d      D          d3d_bmp.cpp:467  _al_d3d_sync_bitmap              [   2.12402] _al_d3d_sync_bitmap (system) ref count == 1
d3d      D          d3d_bmp.cpp:473  _al_d3d_sync_bitmap              [   2.12410] _al_d3d_sync_bitmap (video) ref count == 1
d3d      D         d3d_disp.cpp:1166 real_choose_bitmap_format        [   2.17239] Fake format
d3d      D         d3d_disp.cpp:1166 real_choose_bitmap_format        [   2.17242] Fake format
d3d      D         d3d_disp.cpp:1166 real_choose_bitmap_format        [   2.17243] Fake format
d3d      D         d3d_disp.cpp:1166 real_choose_bitmap_format        [   2.17245] Fake format
d3d      D         d3d_disp.cpp:1166 real_choose_bitmap_format        [   2.17246] Fake format
d3d      D         d3d_disp.cpp:1166 real_choose_bitmap_format        [   2.17247] Fake format
d3d      D         d3d_disp.cpp:1166 real_choose_bitmap_format        [   2.17248] Fake format
d3d      D         d3d_disp.cpp:1166 real_choose_bitmap_format        [   2.17249] Fake format
d3d      D         d3d_disp.cpp:1166 real_choose_bitmap_format        [   2.17250] Fake format
d3d      D         d3d_disp.cpp:1174 real_choose_bitmap_format        [   2.17251] Alpha doesn't match
d3d      D         d3d_disp.cpp:1181 real_choose_bitmap_format        [   2.17252] Adapter format is 23
d3d      D         d3d_disp.cpp:1184 real_choose_bitmap_format        [   2.17254] Found a format
d3d      I         d3d_disp.cpp:2283 _al_d3d_create_bitmap            [   2.17255] Chose bitmap format 9
dtor     D               dtor.c:184  _al_register_destructor          [   2.17470] added dtor for object 00933B28, func 59142595
d3d      D          d3d_bmp.cpp:467  _al_d3d_sync_bitmap              [   2.20665] _al_d3d_sync_bitmap (system) ref count == 1
d3d      D          d3d_bmp.cpp:473  _al_d3d_sync_bitmap              [   2.20674] _al_d3d_sync_bitmap (video) ref count == 1
d3d      D         d3d_disp.cpp:1166 real_choose_bitmap_format        [   2.29520] Fake format
d3d      D         d3d_disp.cpp:1166 real_choose_bitmap_format        [   2.29523] Fake format
d3d      D         d3d_disp.cpp:1166 real_choose_bitmap_format        [   2.29524] Fake format
d3d      D         d3d_disp.cpp:1166 real_choose_bitmap_format        [   2.29525] Fake format
d3d      D         d3d_disp.cpp:1166 real_choose_bitmap_format        [   2.29527] Fake format
d3d      D         d3d_disp.cpp:1166 real_choose_bitmap_format        [   2.29528] Fake format
d3d      D         d3d_disp.cpp:1166 real_choose_bitmap_format        [   2.29529] Fake format
d3d      D         d3d_disp.cpp:1166 real_choose_bitmap_format        [   2.29530] Fake format
d3d      D         d3d_disp.cpp:1166 real_choose_bitmap_format        [   2.29531] Fake format
d3d      D         d3d_disp.cpp:1174 real_choose_bitmap_format        [   2.29532] Alpha doesn't match
d3d      D         d3d_disp.cpp:1181 real_choose_bitmap_format        [   2.29533] Adapter format is 23
d3d      D         d3d_disp.cpp:1184 real_choose_bitmap_format        [   2.29535] Found a format
d3d      I         d3d_disp.cpp:2283 _al_d3d_create_bitmap            [   2.29536] Chose bitmap format 9
dtor     D               dtor.c:184  _al_register_destructor          [   2.29687] added dtor for object 0092DC08, func 59142595
d3d      D          d3d_bmp.cpp:467  _al_d3d_sync_bitmap              [   2.32584] _al_d3d_sync_bitmap (system) ref count == 1
d3d      D          d3d_bmp.cpp:473  _al_d3d_sync_bitmap              [   2.32589] _al_d3d_sync_bitmap (video) ref count == 1
dtor     D               dtor.c:184  _al_register_destructor          [   2.39534] added dtor for object 00932698, func 5914237E
dtor     D               dtor.c:184  _al_register_destructor          [   2.41979] added dtor for object 0B5229D8, func 5914237E
dtor     D               dtor.c:184  _al_register_destructor          [   2.44902] added dtor for object 0B56AFB8, func 5914237E
dtor     D               dtor.c:184  _al_register_destructor          [   2.46485] added dtor for object 0B5BBE58, func 5914237E
dtor     D               dtor.c:184  _al_register_destructor          [   2.50593] added dtor for object 0B62C620, func 5914237E
dtor     D               dtor.c:184  _al_register_destructor          [   2.51764] added dtor for object 0B56B010, func 5914237E
dtor     D               dtor.c:184  _al_register_destructor          [   2.54744] added dtor for object 0B5BBEB0, func 5914237E
dtor     D               dtor.c:184  _al_register_destructor          [   2.57764] added dtor for object 0B5BBF08, func 5914237E
dtor     D               dtor.c:184  _al_register_destructor          [   2.59172] added dtor for object 0B5BBF60, func 5914237E
dtor     D               dtor.c:184  _al_register_destructor          [   2.62919] added dtor for object 0B62C678, func 5914237E
dtor     D               dtor.c:184  _al_register_destructor          [   2.66547] added dtor for object 0B5BC078, func 5914237E
dtor     D               dtor.c:184  _al_register_destructor          [   2.69292] added dtor for object 0B5BC0D0, func 5914237E
audio-dsound D           dsound.cpp:306  _dsound_allocate_voice           [   2.72798] Allocating voice
audio-dsound D           dsound.cpp:365  _dsound_allocate_voice           [   2.72802] Allocated voice
dtor     D               dtor.c:184  _al_register_destructor          [   2.72804] added dtor for object 00933030, func 59142513
dtor     D               dtor.c:184  _al_register_destructor          [   2.72806] added dtor for object 0092CCA0, func 59142919
audio-dsound D           dsound.cpp:462  _dsound_start_voice              [   2.72808] Starting voice
audio-dsound D           dsound.cpp:491  _dsound_start_voice              [   2.72810] CreateSoundBuffer
audio-dsound D           dsound.cpp:500  _dsound_start_voice              [   2.72985] CreateSoundBuffer succeeded
audio-dsound D           dsound.cpp:506  _dsound_start_voice              [   2.73661] Starting _dsound_update thread
audio-dsound I           dsound.cpp:516  _dsound_start_voice              [   2.73675] Voice started
dtor     D               dtor.c:184  _al_register_destructor          [   2.73704] added dtor for object 0092D168, func 591423F1
audio    D          kcm_mixer.c:121  _al_rechannel_matrix             [   2.73708] sample matrix:
audio    D          kcm_mixer.c:127  _al_rechannel_matrix             [   2.73710] 
audio    D          kcm_mixer.c:127  _al_rechannel_matrix             [   2.73711] 
dtor     D               dtor.c:184  _al_register_destructor          [   2.73717] added dtor for object 0092CF60, func 591423F1
audio    D          kcm_mixer.c:121  _al_rechannel_matrix             [   2.73734] sample matrix:
audio    D          kcm_mixer.c:127  _al_rechannel_matrix             [   2.73738] 
audio    D          kcm_mixer.c:127  _al_rechannel_matrix             [   2.73739] 
dtor     D               dtor.c:184  _al_register_destructor          [   2.73743] added dtor for object 0B7547D0, func 591423F1
audio    D          kcm_mixer.c:121  _al_rechannel_matrix             [   2.73746] sample matrix:
audio    D          kcm_mixer.c:127  _al_rechannel_matrix             [   2.73747] 
audio    D          kcm_mixer.c:127  _al_rechannel_matrix             [   2.73748] 
dtor     D               dtor.c:184  _al_register_destructor          [   2.73749] added dtor for object 0B754B90, func 591423F1
audio    D          kcm_mixer.c:121  _al_rechannel_matrix             [   2.73752] sample matrix:
audio    D          kcm_mixer.c:127  _al_rechannel_matrix             [   2.73755] 
audio    D          kcm_mixer.c:127  _al_rechannel_matrix             [   2.73756] 
dtor     D               dtor.c:184  _al_register_destructor          [   2.73758] added dtor for object 0B5BD970, func 591423F1
audio    D          kcm_mixer.c:121  _al_rechannel_matrix             [   2.73760] sample matrix:
audio    D          kcm_mixer.c:127  _al_rechannel_matrix             [   2.73763] 
audio    D          kcm_mixer.c:127  _al_rechannel_matrix             [   2.73765] 
dtor     D               dtor.c:184  _al_register_destructor          [   2.73767] added dtor for object 0B754CE0, func 591423F1
audio    D          kcm_mixer.c:121  _al_rechannel_matrix             [   2.73768] sample matrix:
audio    D          kcm_mixer.c:127  _al_rechannel_matrix             [   2.73769] 
audio    D          kcm_mixer.c:127  _al_rechannel_matrix             [   2.73770] 
dtor     D               dtor.c:184  _al_register_destructor          [   2.73771] added dtor for object 0B5BDC40, func 591423F1
audio    D          kcm_mixer.c:121  _al_rechannel_matrix             [   2.73773] sample matrix:
audio    D          kcm_mixer.c:127  _al_rechannel_matrix             [   2.73774] 
audio    D          kcm_mixer.c:127  _al_rechannel_matrix             [   2.73775] 
dtor     D               dtor.c:184  _al_register_destructor          [   2.73777] added dtor for object 0B5BDD58, func 591423F1
audio    D          kcm_mixer.c:121  _al_rechannel_matrix             [   2.73779] sample matrix:
audio    D          kcm_mixer.c:127  _al_rechannel_matrix             [   2.73781] 
audio    D          kcm_mixer.c:127  _al_rechannel_matrix             [   2.73782] 
dtor     D               dtor.c:184  _al_register_destructor          [   2.73784] added dtor for object 0B5BDEF0, func 591423F1
audio    D          kcm_mixer.c:121  _al_rechannel_matrix             [   2.73786] sample matrix:
audio    D          kcm_mixer.c:127  _al_rechannel_matrix             [   2.73788] 
audio    D          kcm_mixer.c:127  _al_rechannel_matrix             [   2.73790] 
dtor     D               dtor.c:184  _al_register_destructor          [   2.73792] added dtor for object 0B754A28, func 591423F1
audio    D          kcm_mixer.c:121  _al_rechannel_matrix             [   2.73794] sample matrix:
audio    D          kcm_mixer.c:127  _al_rechannel_matrix             [   2.73796] 
audio    D          kcm_mixer.c:127  _al_rechannel_matrix             [   2.73798] 
dtor     D               dtor.c:184  _al_register_destructor          [   2.73799] added dtor for object 0B5BDA88, func 591423F1
audio    D          kcm_mixer.c:121  _al_rechannel_matrix             [   2.73801] sample matrix:
audio    D          kcm_mixer.c:127  _al_rechannel_matrix             [   2.73803] 
audio    D          kcm_mixer.c:127  _al_rechannel_matrix             [   2.73805] 
dtor     D               dtor.c:184  _al_register_destructor          [   2.73806] added dtor for object 00930308, func 591423F1
audio    D          kcm_mixer.c:121  _al_rechannel_matrix             [   2.73808] sample matrix:
audio    D          kcm_mixer.c:127  _al_rechannel_matrix             [   2.73809] 
audio    D          kcm_mixer.c:127  _al_rechannel_matrix             [   2.73810] 
dtor     D               dtor.c:184  _al_register_destructor          [   2.73813] added dtor for object 00930758, func 591427A7
d3d      D          d3d_bmp.cpp:467  _al_d3d_sync_bitmap              [   2.75718] _al_d3d_sync_bitmap (system) ref count == 1
d3d      D          d3d_bmp.cpp:473  _al_d3d_sync_bitmap              [   2.75722] _al_d3d_sync_bitmap (video) ref count == 1
d3d      D          d3d_bmp.cpp:467  _al_d3d_sync_bitmap              [   2.76834] _al_d3d_sync_bitmap (system) ref count == 1
d3d      D          d3d_bmp.cpp:473  _al_d3d_sync_bitmap              [   2.76839] _al_d3d_sync_bitmap (video) ref count == 1
d3d      D          d3d_bmp.cpp:467  _al_d3d_sync_bitmap              [   2.77513] _al_d3d_sync_bitmap (system) ref count == 1
d3d      D          d3d_bmp.cpp:473  _al_d3d_sync_bitmap              [   2.77518] _al_d3d_sync_bitmap (video) ref count == 1
d3d      D          d3d_bmp.cpp:467  _al_d3d_sync_bitmap              [   2.78241] _al_d3d_sync_bitmap (system) ref count == 1
d3d      D          d3d_bmp.cpp:473  _al_d3d_sync_bitmap              [   2.78247] _al_d3d_sync_bitmap (video) ref count == 1
d3d      D          d3d_bmp.cpp:467  _al_d3d_sync_bitmap              [   2.78889] _al_d3d_sync_bitmap (system) ref count == 1
d3d      D          d3d_bmp.cpp:473  _al_d3d_sync_bitmap              [   2.78894] _al_d3d_sync_bitmap (video) ref count == 1
d3d      D          d3d_bmp.cpp:467  _al_d3d_sync_bitmap              [   2.79541] _al_d3d_sync_bitmap (system) ref count == 1
d3d      D          d3d_bmp.cpp:473  _al_d3d_sync_bitmap              [   2.79547] _al_d3d_sync_bitmap (video) ref count == 1
d3d      D          d3d_bmp.cpp:467  _al_d3d_sync_bitmap              [   2.80260] _al_d3d_sync_bitmap (system) ref count == 1
d3d      D          d3d_bmp.cpp:473  _al_d3d_sync_bitmap              [   2.80264] _al_d3d_sync_bitmap (video) ref count == 1
d3d      D          d3d_bmp.cpp:467  _al_d3d_sync_bitmap              [   2.80878] _al_d3d_sync_bitmap (system) ref count == 1
d3d      D          d3d_bmp.cpp:473  _al_d3d_sync_bitmap              [   2.80882] _al_d3d_sync_bitmap (video) ref count == 1
d3d      D          d3d_bmp.cpp:467  _al_d3d_sync_bitmap              [   2.81520] _al_d3d_sync_bitmap (system) ref count == 1
d3d      D          d3d_bmp.cpp:473  _al_d3d_sync_bitmap              [   2.81524] _al_d3d_sync_bitmap (video) ref count == 1
d3d      D          d3d_bmp.cpp:467  _al_d3d_sync_bitmap              [   2.82149] _al_d3d_sync_bitmap (system) ref count == 1
d3d      D          d3d_bmp.cpp:473  _al_d3d_sync_bitmap              [   2.82156] _al_d3d_sync_bitmap (video) ref count == 1
d3d      D          d3d_bmp.cpp:467  _al_d3d_sync_bitmap              [   2.82797] _al_d3d_sync_bitmap (system) ref count == 1
d3d      D          d3d_bmp.cpp:473  _al_d3d_sync_bitmap              [   2.82802] _al_d3d_sync_bitmap (video) ref count == 1
d3d      D          d3d_bmp.cpp:467  _al_d3d_sync_bitmap              [   2.83432] _al_d3d_sync_bitmap (system) ref count == 1
d3d      D          d3d_bmp.cpp:473  _al_d3d_sync_bitmap              [   2.83437] _al_d3d_sync_bitmap (video) ref count == 1
d3d      D          d3d_bmp.cpp:467  _al_d3d_sync_bitmap              [   2.84067] _al_d3d_sync_bitmap (system) ref count == 1
d3d      D          d3d_bmp.cpp:473  _al_d3d_sync_bitmap              [   2.84071] _al_d3d_sync_bitmap (video) ref count == 1
d3d      D          d3d_bmp.cpp:467  _al_d3d_sync_bitmap              [   2.84705] _al_d3d_sync_bitmap (system) ref count == 1
d3d      D          d3d_bmp.cpp:473  _al_d3d_sync_bitmap              [   2.84710] _al_d3d_sync_bitmap (video) ref count == 1
d3d      D          d3d_bmp.cpp:467  _al_d3d_sync_bitmap              [   2.85333] _al_d3d_sync_bitmap (system) ref count == 1
d3d      D          d3d_bmp.cpp:473  _al_d3d_sync_bitmap              [   2.85338] _al_d3d_sync_bitmap (video) ref count == 1
d3d      D          d3d_bmp.cpp:467  _al_d3d_sync_bitmap              [   2.86175] _al_d3d_sync_bitmap (system) ref count == 1
d3d      D          d3d_bmp.cpp:473  _al_d3d_sync_bitmap              [   2.86179] _al_d3d_sync_bitmap (video) ref count == 1
d3d      D          d3d_bmp.cpp:467  _al_d3d_sync_bitmap              [   2.86928] _al_d3d_sync_bitmap (system) ref count == 1
d3d      D          d3d_bmp.cpp:473  _al_d3d_sync_bitmap              [   2.86933] _al_d3d_sync_bitmap (video) ref count == 1
d3d      D          d3d_bmp.cpp:467  _al_d3d_sync_bitmap              [   2.87585] _al_d3d_sync_bitmap (system) ref count == 1
d3d      D          d3d_bmp.cpp:473  _al_d3d_sync_bitmap              [   2.87590] _al_d3d_sync_bitmap (video) ref count == 1
d3d      D          d3d_bmp.cpp:467  _al_d3d_sync_bitmap              [   2.88247] _al_d3d_sync_bitmap (system) ref count == 1
d3d      D          d3d_bmp.cpp:473  _al_d3d_sync_bitmap              [   2.88251] _al_d3d_sync_bitmap (video) ref count == 1
d3d      D          d3d_bmp.cpp:467  _al_d3d_sync_bitmap              [   2.88901] _al_d3d_sync_bitmap (system) ref count == 1
d3d      D          d3d_bmp.cpp:473  _al_d3d_sync_bitmap              [   2.88905] _al_d3d_sync_bitmap (video) ref count == 1
audio    D          kcm_mixer.c:121  _al_rechannel_matrix             [   6.50852] sample matrix:
audio    D          kcm_mixer.c:127  _al_rechannel_matrix             [   6.50857]  0.707107 0.000000
audio    D          kcm_mixer.c:127  _al_rechannel_matrix             [   6.50859]  0.000000 0.707107
audio    D          kcm_mixer.c:121  _al_rechannel_matrix             [   6.50861] sample matrix:
audio    D          kcm_mixer.c:127  _al_rechannel_matrix             [   6.50862]  1.000000 0.000000
audio    D          kcm_mixer.c:127  _al_rechannel_matrix             [   6.50864]  0.000000 1.000000
audio    E              audio.c:23   _al_set_error                    [  10.10263] Sample has no data (error code: 2)
audio    E              audio.c:23   _al_set_error                    [  10.10268] Sample has no data (error code: 2)
audio    E              audio.c:23   _al_set_error                    [  10.10270] Sample has no data (error code: 2)
audio    E              audio.c:23   _al_set_error                    [  10.10271] Sample has no data (error code: 2)
audio    E              audio.c:23   _al_set_error                    [  10.10272] Sample has no data (error code: 2)
audio    E              audio.c:23   _al_set_error                    [  10.10273] Sample has no data (error code: 2)
audio    E              audio.c:23   _al_set_error                    [  10.10275] Sample has no data (error code: 2)
audio    E              audio.c:23   _al_set_error                    [  10.10276] Sample has no data (error code: 2)
audio    E              audio.c:23   _al_set_error                    [  10.10277] Sample has no data (error code: 2)
audio    E              audio.c:23   _al_set_error                    [  10.10278] Sample has no data (error code: 2)
audio    E              audio.c:23   _al_set_error                    [  10.10280] Sample has no data (error code: 2)
audio    E              audio.c:23   _al_set_error                    [  10.73662] Sample has no data (error code: 2)
audio    E              audio.c:23   _al_set_error                    [  10.73666] Sample has no data (error code: 2)
audio    E              audio.c:23   _al_set_error                    [  10.73668] Sample has no data (error code: 2)
audio    E              audio.c:23   _al_set_error                    [  10.73669] Sample has no data (error code: 2)
audio    E              audio.c:23   _al_set_error                    [  10.73670] Sample has no data (error code: 2)
audio    E              audio.c:23   _al_set_error                    [  10.73672] Sample has no data (error code: 2)
audio    E              audio.c:23   _al_set_error                    [  10.73673] Sample has no data (error code: 2)
audio    E              audio.c:23   _al_set_error                    [  10.73674] Sample has no data (error code: 2)
audio    E              audio.c:23   _al_set_error                    [  10.73675] Sample has no data (error code: 2)
audio    E              audio.c:23   _al_set_error                    [  10.73677] Sample has no data (error code: 2)
audio    E              audio.c:23   _al_set_error                    [  10.73678] Sample has no data (error code: 2)
audio    E              audio.c:23   _al_set_error                    [  10.92757] Sample has no data (error code: 2)
audio    E              audio.c:23   _al_set_error                    [  10.92761] Sample has no data (error code: 2)
audio    E              audio.c:23   _al_set_error                    [  10.92763] Sample has no data (error code: 2)
audio    E              audio.c:23   _al_set_error                    [  10.92765] Sample has no data (error code: 2)
audio    E              audio.c:23   _al_set_error                    [  10.92767] Sample has no data (error code: 2)
audio    E              audio.c:23   _al_set_error                    [  10.92768] Sample has no data (error code: 2)
audio    E              audio.c:23   _al_set_error                    [  10.92769] Sample has no data (error code: 2)
audio    E              audio.c:23   _al_set_error                    [  10.92770] Sample has no data (error code: 2)
audio    E              audio.c:23   _al_set_error                    [  10.92772] Sample has no data (error code: 2)
audio    E              audio.c:23   _al_set_error                    [  10.92773] Sample has no data (error code: 2)
audio    E              audio.c:23   _al_set_error                    [  10.92774] Sample has no data (error code: 2)
audio    E              audio.c:23   _al_set_error                    [  11.13267] Sample has no data (error code: 2)
audio    E              audio.c:23   _al_set_error                    [  11.13271] Sample has no data (error code: 2)
audio    E              audio.c:23   _al_set_error                    [  11.13273] Sample has no data (error code: 2)
audio    E              audio.c:23   _al_set_error                    [  11.13274] Sample has no data (error code: 2)
audio    E              audio.c:23   _al_set_error                    [  11.13275] Sample has no data (error code: 2)
audio    E              audio.c:23   _al_set_error                    [  11.13277] Sample has no data (error code: 2)
audio    E              audio.c:23   _al_set_error                    [  11.13278] Sample has no data (error code: 2)
audio    E              audio.c:23   _al_set_error                    [  11.13279] Sample has no data (error code: 2)
audio    E              audio.c:23   _al_set_error                    [  11.13280] Sample has no data (error code: 2)
audio    E              audio.c:23   _al_set_error                    [  11.13282] Sample has no data (error code: 2)
audio    E              audio.c:23   _al_set_error                    [  11.13283] Sample has no data (error code: 2)
audio    E              audio.c:23   _al_set_error                    [  11.33169] Sample has no data (error code: 2)
audio    E              audio.c:23   _al_set_error                    [  11.33185] Sample has no data (error code: 2)
audio    E              audio.c:23   _al_set_error                    [  11.33187] Sample has no data (error code: 2)
audio    E              audio.c:23   _al_set_error                    [  11.33188] Sample has no data (error code: 2)
audio    E              audio.c:23   _al_set_error                    [  11.33189] Sample has no data (error code: 2)
audio    E              audio.c:23   _al_set_error                    [  11.33191] Sample has no data (error code: 2)
audio    E              audio.c:23   _al_set_error                    [  11.33192] Sample has no data (error code: 2)
audio    E              audio.c:23   _al_set_error                    [  11.33194] Sample has no data (error code: 2)
audio    E              audio.c:23   _al_set_error                    [  11.33195] Sample has no data (error code: 2)
audio    E              audio.c:23   _al_set_error                    [  11.33197] Sample has no data (error code: 2)
audio    E              audio.c:23   _al_set_error                    [  11.33198] Sample has no data (error code: 2)
audio    E              audio.c:23   _al_set_error                    [  11.40767] Sample has no data (error code: 2)
audio    E              audio.c:23   _al_set_error                    [  11.40771] Sample has no data (error code: 2)
audio    E              audio.c:23   _al_set_error                    [  11.40773] Sample has no data (error code: 2)
audio    E              audio.c:23   _al_set_error                    [  11.40774] Sample has no data (error code: 2)
audio    E              audio.c:23   _al_set_error                    [  11.40775] Sample has no data (error code: 2)
audio    E              audio.c:23   _al_set_error                    [  11.40777] Sample has no data (error code: 2)
audio    E              audio.c:23   _al_set_error                    [  11.40779] Sample has no data (error code: 2)
audio    E              audio.c:23   _al_set_error                    [  11.40780] Sample has no data (error code: 2)
audio    E              audio.c:23   _al_set_error                    [  11.40782] Sample has no data (error code: 2)
audio    E              audio.c:23   _al_set_error                    [  11.40783] Sample has no data (error code: 2)
audio    E              audio.c:23   _al_set_error                    [  11.40784] Sample has no data (error code: 2)
audio    E              audio.c:23   _al_set_error                    [  11.47268] Sample has no data (error code: 2)
audio    E              audio.c:23   _al_set_error                    [  11.47272] Sample has no data (error code: 2)
audio    E              audio.c:23   _al_set_error                    [  11.47274] Sample has no data (error code: 2)
audio    E              audio.c:23   _al_set_error                    [  11.47275] Sample has no data (error code: 2)
audio    E              audio.c:23   _al_set_error                    [  11.47276] Sample has no data (error code: 2)
audio    E              audio.c:23   _al_set_error                    [  11.47277] Sample has no data (error code: 2)
audio    E              audio.c:23   _al_set_error                    [  11.47279] Sample has no data (error code: 2)
audio    E              audio.c:23   _al_set_error                    [  11.47280] Sample has no data (error code: 2)
audio    E              audio.c:23   _al_set_error                    [  11.47281] Sample has no data (error code: 2)
audio    E              audio.c:23   _al_set_error                    [  11.47282] Sample has no data (error code: 2)
audio    E              audio.c:23   _al_set_error                    [  11.47283] Sample has no data (error code: 2)
audio    E              audio.c:23   _al_set_error                    [  11.61547] Sample has no data (error code: 2)
audio    E              audio.c:23   _al_set_error                    [  11.61551] Sample has no data (error code: 2)
audio    E              audio.c:23   _al_set_error                    [  11.61553] Sample has no data (error code: 2)
audio    E              audio.c:23   _al_set_error                    [  11.61554] Sample has no data (error code: 2)
audio    E              audio.c:23   _al_set_error                    [  11.61556] Sample has no data (error code: 2)
audio    E              audio.c:23   _al_set_error                    [  11.61557] Sample has no data (error code: 2)
audio    E              audio.c:23   _al_set_error                    [  11.61558] Sample has no data (error code: 2)
audio    E              audio.c:23   _al_set_error                    [  11.61559] Sample has no data (error code: 2)
audio    E              audio.c:23   _al_set_error                    [  11.61561] Sample has no data (error code: 2)
audio    E              audio.c:23   _al_set_error                    [  11.61562] Sample has no data (error code: 2)
audio    E              audio.c:23   _al_set_error                    [  11.61563] Sample has no data (error code: 2)
audio    E              audio.c:23   _al_set_error                    [  11.64957] Sample has no data (error code: 2)
audio    E              audio.c:23   _al_set_error                    [  11.64973] Sample has no data (error code: 2)
audio    E              audio.c:23   _al_set_error                    [  11.64975] Sample has no data (error code: 2)
audio    E              audio.c:23   _al_set_error                    [  11.64976] Sample has no data (error code: 2)
audio    E              audio.c:23   _al_set_error                    [  11.64978] Sample has no data (error code: 2)
audio    E              audio.c:23   _al_set_error                    [  11.64979] Sample has no data (error code: 2)
audio    E              audio.c:23   _al_set_error                    [  11.64982] Sample has no data (error code: 2)
audio    E              audio.c:23   _al_set_error                    [  11.64985] Sample has no data (error code: 2)
audio    E              audio.c:23   _al_set_error                    [  11.64986] Sample has no data (error code: 2)
audio    E              audio.c:23   _al_set_error                    [  11.64988] Sample has no data (error code: 2)
audio    E              audio.c:23   _al_set_error                    [  11.64989] Sample has no data (error code: 2)
audio    E              audio.c:23   _al_set_error                    [  11.75665] Sample has no data (error code: 2)
audio    E              audio.c:23   _al_set_error                    [  11.75670] Sample has no data (error code: 2)
audio    E              audio.c:23   _al_set_error                    [  11.75671] Sample has no data (error code: 2)
audio    E              audio.c:23   _al_set_error                    [  11.75673] Sample has no data (error code: 2)
audio    E              audio.c:23   _al_set_error                    [  11.75674] Sample has no data (error code: 2)
audio    E              audio.c:23   _al_set_error                    [  11.75675] Sample has no data (error code: 2)
audio    E              audio.c:23   _al_set_error                    [  11.75677] Sample has no data (error code: 2)
audio    E              audio.c:23   _al_set_error                    [  11.75678] Sample has no data (error code: 2)
audio    E              audio.c:23   _al_set_error                    [  11.75679] Sample has no data (error code: 2)
audio    E              audio.c:23   _al_set_error                    [  11.75681] Sample has no data (error code: 2)
audio    E              audio.c:23   _al_set_error                    [  11.75682] Sample has no data (error code: 2)
audio    E              audio.c:23   _al_set_error                    [  11.86568] Sample has no data (error code: 2)
audio    E              audio.c:23   _al_set_error                    [  11.86573] Sample has no data (error code: 2)
audio    E              audio.c:23   _al_set_error                    [  11.86574] Sample has no data (error code: 2)
audio    E              audio.c:23   _al_set_error                    [  11.86576] Sample has no data (error code: 2)
audio    E              audio.c:23   _al_set_error                    [  11.86577] Sample has no data (error code: 2)
audio    E              audio.c:23   _al_set_error                    [  11.86578] Sample has no data (error code: 2)
audio    E              audio.c:23   _al_set_error                    [  11.86580] Sample has no data (error code: 2)
audio    E              audio.c:23   _al_set_error                    [  11.86581] Sample has no data (error code: 2)
audio    E              audio.c:23   _al_set_error                    [  11.86582] Sample has no data (error code: 2)
audio    E              audio.c:23   _al_set_error                    [  11.86584] Sample has no data (error code: 2)
audio    E              audio.c:23   _al_set_error                    [  11.86585] Sample has no data (error code: 2)
audio    E              audio.c:23   _al_set_error                    [  12.21274] Sample has no data (error code: 2)
audio    E              audio.c:23   _al_set_error                    [  12.21290] Sample has no data (error code: 2)
audio    E              audio.c:23   _al_set_error                    [  12.21292] Sample has no data (error code: 2)
audio    E              audio.c:23   _al_set_error                    [  12.21293] Sample has no data (error code: 2)
audio    E              audio.c:23   _al_set_error                    [  12.21295] Sample has no data (error code: 2)
audio    E              audio.c:23   _al_set_error                    [  12.21296] Sample has no data (error code: 2)
audio    E              audio.c:23   _al_set_error                    [  12.21297] Sample has no data (error code: 2)
audio    E              audio.c:23   _al_set_error                    [  12.21299] Sample has no data (error code: 2)
audio    E              audio.c:23   _al_set_error                    [  12.21302] Sample has no data (error code: 2)
audio    E              audio.c:23   _al_set_error                    [  12.21305] Sample has no data (error code: 2)
audio    E              audio.c:23   _al_set_error                    [  12.21306] Sample has no data (error code: 2)
dtor     D               dtor.c:214  _al_unregister_destructor        [  14.00376] removed dtor for object 009330A8
dtor     D               dtor.c:214  _al_unregister_destructor        [  14.00565] removed dtor for object 009331B8
dtor     D               dtor.c:214  _al_unregister_destructor        [  14.00755] removed dtor for object 009332C8
dtor     D               dtor.c:214  _al_unregister_destructor        [  14.00970] removed dtor for object 009333D8
dtor     D               dtor.c:214  _al_unregister_destructor        [  14.01200] removed dtor for object 009334E8
dtor     D               dtor.c:214  _al_unregister_destructor        [  14.01418] removed dtor for object 009335F8
dtor     D               dtor.c:214  _al_unregister_destructor        [  14.01636] removed dtor for object 00933708
dtor     D               dtor.c:214  _al_unregister_destructor        [  14.01856] removed dtor for object 00933818
dtor     D               dtor.c:214  _al_unregister_destructor        [  14.02081] removed dtor for object 00932EE8
dtor     D               dtor.c:214  _al_unregister_destructor        [  14.02299] removed dtor for object 00933B28
d3d      I         d3d_disp.cpp:921  d3d_destroy_display              [  14.02520] destroying display 008EC2C8 (current 00000000)
bitmap   D             bitmap.c:548  _al_convert_to_memory_bitmap     [  14.02524] converting display bitmap 0092DC08 to memory bitmap
d3d      D          d3d_bmp.cpp:467  _al_d3d_sync_bitmap              [  14.02731] _al_d3d_sync_bitmap (system) ref count == 1
d3d      D          d3d_bmp.cpp:473  _al_d3d_sync_bitmap              [  14.02734] _al_d3d_sync_bitmap (video) ref count == 1
bitmap   D             bitmap.c:548  _al_convert_to_memory_bitmap     [  14.03522] converting display bitmap 00932DD8 to memory bitmap
d3d      D          d3d_bmp.cpp:467  _al_d3d_sync_bitmap              [  14.03787] _al_d3d_sync_bitmap (system) ref count == 1
d3d      D          d3d_bmp.cpp:473  _al_d3d_sync_bitmap              [  14.03791] _al_d3d_sync_bitmap (video) ref count == 1
bitmap   D             bitmap.c:548  _al_convert_to_memory_bitmap     [  14.04695] converting display bitmap 00932CC8 to memory bitmap
d3d      D          d3d_bmp.cpp:467  _al_d3d_sync_bitmap              [  14.04919] _al_d3d_sync_bitmap (system) ref count == 1
d3d      D          d3d_bmp.cpp:473  _al_d3d_sync_bitmap              [  14.04923] _al_d3d_sync_bitmap (video) ref count == 1
bitmap   D             bitmap.c:548  _al_convert_to_memory_bitmap     [  14.05839] converting display bitmap 00932BB8 to memory bitmap
d3d      D          d3d_bmp.cpp:467  _al_d3d_sync_bitmap              [  14.06155] _al_d3d_sync_bitmap (system) ref count == 1
d3d      D          d3d_bmp.cpp:473  _al_d3d_sync_bitmap              [  14.06159] _al_d3d_sync_bitmap (video) ref count == 1
bitmap   D             bitmap.c:548  _al_convert_to_memory_bitmap     [  14.07045] converting display bitmap 00932AA8 to memory bitmap
d3d      D          d3d_bmp.cpp:467  _al_d3d_sync_bitmap              [  14.07302] _al_d3d_sync_bitmap (system) ref count == 1
d3d      D          d3d_bmp.cpp:473  _al_d3d_sync_bitmap              [  14.07306] _al_d3d_sync_bitmap (video) ref count == 1
bitmap   D             bitmap.c:548  _al_convert_to_memory_bitmap     [  14.08211] converting display bitmap 00932998 to memory bitmap
d3d      D          d3d_bmp.cpp:467  _al_d3d_sync_bitmap              [  14.08436] _al_d3d_sync_bitmap (system) ref count == 1
d3d      D          d3d_bmp.cpp:473  _al_d3d_sync_bitmap              [  14.08440] _al_d3d_sync_bitmap (video) ref count == 1
bitmap   D             bitmap.c:548  _al_convert_to_memory_bitmap     [  14.09357] converting display bitmap 00932888 to memory bitmap
d3d      D          d3d_bmp.cpp:467  _al_d3d_sync_bitmap              [  14.09637] _al_d3d_sync_bitmap (system) ref count == 1
d3d      D          d3d_bmp.cpp:473  _al_d3d_sync_bitmap              [  14.09640] _al_d3d_sync_bitmap (video) ref count == 1
bitmap   D             bitmap.c:548  _al_convert_to_memory_bitmap     [  14.10554] converting display bitmap 00932728 to memory bitmap
d3d      D          d3d_bmp.cpp:467  _al_d3d_sync_bitmap              [  14.10785] _al_d3d_sync_bitmap (system) ref count == 1
d3d      D          d3d_bmp.cpp:473  _al_d3d_sync_bitmap              [  14.10789] _al_d3d_sync_bitmap (video) ref count == 1
bitmap   D             bitmap.c:548  _al_convert_to_memory_bitmap     [  14.11694] converting display bitmap 00932588 to memory bitmap
d3d      D          d3d_bmp.cpp:467  _al_d3d_sync_bitmap              [  14.11979] _al_d3d_sync_bitmap (system) ref count == 1
d3d      D          d3d_bmp.cpp:473  _al_d3d_sync_bitmap              [  14.11983] _al_d3d_sync_bitmap (video) ref count == 1
bitmap   D             bitmap.c:548  _al_convert_to_memory_bitmap     [  14.12881] converting display bitmap 009323B0 to memory bitmap
d3d      D          d3d_bmp.cpp:467  _al_d3d_sync_bitmap              [  14.13162] _al_d3d_sync_bitmap (system) ref count == 1
d3d      D          d3d_bmp.cpp:473  _al_d3d_sync_bitmap              [  14.13166] _al_d3d_sync_bitmap (video) ref count == 1
d3d      D         d3d_disp.cpp:905  d3d_destroy_display_internals    [  14.14111] waiting for display 008EC2C8's thread to end
d3d      W         d3d_disp.cpp:617  d3d_destroy_device               [  14.14512] d3d_destroy_device: ref count not 0
d3d      I         d3d_disp.cpp:1527 d3d_display_thread_proc          [  14.16241] d3d display thread exits
dtor     D               dtor.c:214  _al_unregister_destructor        [  14.16266] removed dtor for object 009323B0
dtor     D               dtor.c:214  _al_unregister_destructor        [  14.16692] removed dtor for object 00932728
dtor     D               dtor.c:214  _al_unregister_destructor        [  14.16827] removed dtor for object 00932888
dtor     D               dtor.c:214  _al_unregister_destructor        [  14.16976] removed dtor for object 00932998
dtor     D               dtor.c:214  _al_unregister_destructor        [  14.17145] removed dtor for object 00932AA8
dtor     D               dtor.c:214  _al_unregister_destructor        [  14.17300] removed dtor for object 00932CC8
dtor     D               dtor.c:214  _al_unregister_destructor        [  14.17457] removed dtor for object 00932DD8
dtor     D               dtor.c:214  _al_unregister_destructor        [  14.17616] removed dtor for object 0092DC08
dtor     D               dtor.c:214  _al_unregister_destructor        [  14.17721] removed dtor for object 00932698
dtor     D               dtor.c:214  _al_unregister_destructor        [  14.17736] removed dtor for object 0B5229D8
dtor     D               dtor.c:214  _al_unregister_destructor        [  14.17798] removed dtor for object 0B56AFB8
dtor     D               dtor.c:214  _al_unregister_destructor        [  14.17818] removed dtor for object 0B5BBE58
dtor     D               dtor.c:214  _al_unregister_destructor        [  14.17837] removed dtor for object 0B62C620
dtor     D               dtor.c:214  _al_unregister_destructor        [  14.17855] removed dtor for object 0B56B010
dtor     D               dtor.c:214  _al_unregister_destructor        [  14.17875] removed dtor for object 0B5BBEB0
dtor     D               dtor.c:214  _al_unregister_destructor        [  14.17906] removed dtor for object 0B5BBF08
dtor     D               dtor.c:214  _al_unregister_destructor        [  14.18025] removed dtor for object 0B5BBF60
dtor     D               dtor.c:214  _al_unregister_destructor        [  14.18058] removed dtor for object 0B62C678
dtor     D               dtor.c:214  _al_unregister_destructor        [  14.18116] removed dtor for object 0B5BC078
dtor     D               dtor.c:214  _al_unregister_destructor        [  14.18228] removed dtor for object 0B5BC0D0
dtor     D               dtor.c:214  _al_unregister_destructor        [  14.18501] removed dtor for object 00930758
dtor     D               dtor.c:114  _al_run_destructors              [  14.18520] calling dtor for object 00932BB8, func 59142595
dtor     D               dtor.c:214  _al_unregister_destructor        [  14.18521] removed dtor for object 00932BB8
dtor     D               dtor.c:114  _al_run_destructors              [  14.18676] calling dtor for object 00932588, func 59142595
dtor     D               dtor.c:214  _al_unregister_destructor        [  14.18682] removed dtor for object 00932588
dtor     D               dtor.c:214  _al_unregister_destructor        [  14.18859] removed dtor for object 0092D168
dtor     D               dtor.c:214  _al_unregister_destructor        [  14.18863] removed dtor for object 0092CF60
dtor     D               dtor.c:214  _al_unregister_destructor        [  14.18865] removed dtor for object 0B7547D0
dtor     D               dtor.c:214  _al_unregister_destructor        [  14.18867] removed dtor for object 0B754B90
dtor     D               dtor.c:214  _al_unregister_destructor        [  14.18869] removed dtor for object 0B5BD970
dtor     D               dtor.c:214  _al_unregister_destructor        [  14.18870] removed dtor for object 0B754CE0
dtor     D               dtor.c:214  _al_unregister_destructor        [  14.18872] removed dtor for object 0B5BDC40
dtor     D               dtor.c:214  _al_unregister_destructor        [  14.18874] removed dtor for object 0B5BDD58
dtor     D               dtor.c:214  _al_unregister_destructor        [  14.18876] removed dtor for object 0B5BDEF0
dtor     D               dtor.c:214  _al_unregister_destructor        [  14.18877] removed dtor for object 0B754A28
dtor     D               dtor.c:214  _al_unregister_destructor        [  14.18879] removed dtor for object 0B5BDA88
dtor     D               dtor.c:214  _al_unregister_destructor        [  14.18881] removed dtor for object 00930308
dtor     D               dtor.c:214  _al_unregister_destructor        [  14.18882] removed dtor for object 0092CCA0
audio-dsound D           dsound.cpp:526  _dsound_stop_voice               [  14.18884] Stopping voice
audio-dsound D           dsound.cpp:542  _dsound_stop_voice               [  14.18885] Joining thread
audio-dsound D           dsound.cpp:548  _dsound_stop_voice               [  14.19016] Joined thread
audio-dsound D           dsound.cpp:550  _dsound_stop_voice               [  14.19018] Destroying thread
audio-dsound D           dsound.cpp:552  _dsound_stop_voice               [  14.19020] Thread destroyed
audio-dsound D           dsound.cpp:555  _dsound_stop_voice               [  14.19021] Releasing buffer
audio-dsound I           dsound.cpp:559  _dsound_stop_voice               [  14.19023] Voice stopped
dtor     D               dtor.c:214  _al_unregister_destructor        [  14.19027] removed dtor for object 00933030
audio-dsound D           dsound.cpp:375  _dsound_deallocate_voice         [  14.19028] Deallocating voice
audio-dsound D           dsound.cpp:380  _dsound_deallocate_voice         [  14.19030] Deallocated voice
audio-dsound D           dsound.cpp:289  _dsound_close                    [  14.19038] Releasing device
audio-dsound D           dsound.cpp:291  _dsound_close                    [  14.20415] Released device
audio-dsound I           dsound.cpp:294  _dsound_close                    [  14.20420] DirectSound closed
